2023-05-01 13:23:17,601 - __init__.py:init_device[line:18] - CRITICAL: 初始化网关设备驱动 start...
2023-05-01 13:23:17,610 - device_manager.py:open[line:64] - INFO: SUCCESS : open device设备('水声通信机0')
2023-05-01 13:23:17,610 - core_scheduling.py:init_device_list_threadhandle[line:51] - INFO: 设备列表中存在1个设备, 设备0=设备('水声通信机0')
2023-05-01 13:23:17,616 - connection_workflow.py:start[line:179] - INFO: Pika version 1.3.1 connecting to ('::1', 5672, 0, 0)
2023-05-01 13:23:17,617 - io_services_utils.py:_on_writable[line:345] - INFO: Socket connected: <socket.socket fd=1008, family=AddressFamily.AF_INET6, type=SocketKind.SOCK_STREAM, proto=6, laddr=('::1', 3202, 0, 0), raddr=('::1', 5672, 0, 0)>
2023-05-01 13:23:17,629 - connection_workflow.py:_on_transport_establishment_done[line:428] - INFO: Streaming transport linked up: (<pika.adapters.utils.io_services_utils._AsyncPlaintextTransport object at 0x000002AC2BDF13D0>, _StreamingProtocolShim: <SelectConnection PROTOCOL transport=<pika.adapters.utils.io_services_utils._AsyncPlaintextTransport object at 0x000002AC2BDF13D0> params=<ConnectionParameters host=localhost port=5672 virtual_host=/ ssl=False>>).
2023-05-01 13:23:17,633 - connection_workflow.py:_report_completion_and_cleanup[line:293] - INFO: AMQPConnector - reporting success: <SelectConnection OPEN transport=<pika.adapters.utils.io_services_utils._AsyncPlaintextTransport object at 0x000002AC2BDF13D0> params=<ConnectionParameters host=localhost port=5672 virtual_host=/ ssl=False>>
2023-05-01 13:23:17,633 - connection_workflow.py:_report_completion_and_cleanup[line:725] - INFO: AMQPConnectionWorkflow - reporting success: <SelectConnection OPEN transport=<pika.adapters.utils.io_services_utils._AsyncPlaintextTransport object at 0x000002AC2BDF13D0> params=<ConnectionParameters host=localhost port=5672 virtual_host=/ ssl=False>>
2023-05-01 13:23:17,633 - blocking_connection.py:_create_connection[line:453] - INFO: Connection workflow succeeded: <SelectConnection OPEN transport=<pika.adapters.utils.io_services_utils._AsyncPlaintextTransport object at 0x000002AC2BDF13D0> params=<ConnectionParameters host=localhost port=5672 virtual_host=/ ssl=False>>
2023-05-01 13:23:17,633 - blocking_connection.py:__init__[line:1264] - INFO: Created channel=1
2023-05-01 13:23:17,635 - core_scheduling.py:monitor_web_task_threadhandle[line:220] - CRITICAL: SUCCESS : Create Pika server.
2023-05-01 13:23:20,707 - bsp_underwater_acoustic_comm.py:_read_bytes[line:196] - CRITICAL: 水声通信设备(端口'COM5' 状态True) 接收到一帧数据b'U\xaa6\x01test.txt-38\x00\x00\x00\x00\x00\x00\x00\x00\x00\x00\x00\x00\x00\x00\x00\x00\x00\x00\x00\x00\x00\x00\x00\x00\x00\x00\x00\x00\x00\x00\x00\x00\x00\x00\x00\x00\x00\x00\x00\x00\r\n'
2023-05-01 13:23:20,711 - bsp_underwater_acoustic_comm.py:_write_bytes[line:172] - CRITICAL: 水声通信设备(端口'COM5' 状态True)传输一帧数据b'U\xaa6\x04fileinfo_received\x00\x00\x00\x00\x00\x00\x00\x00\x00\x00\x00\x00\x00\x00\x00\x00\x00\x00\x00\x00\x00\x00\x00\x00\x00\x00\x00\x00\x00\x00\x00\x00\x00\x00\r\n'
2023-05-01 13:23:22,304 - bsp_underwater_acoustic_comm.py:_write_bytes[line:177] - WARNING: 水声通信设备(端口'COM5' 状态True) 发送数据时接收到0X66 0XBB确认回馈
2023-05-01 13:23:23,690 - bsp_underwater_acoustic_comm.py:_read_bytes[line:196] - CRITICAL: 水声通信设备(端口'COM5' 状态True) 接收到一帧数据b'U\xaa6\x03123\x00\x00\x00\x00\x00\x00\x00\x00\x00\x00\x00\x00\x00\x00\x00\x00\x00\x00\x00\x00\x00\x00\x00\x00\x00\x00\x00\x00\x00\x00\x00\x00\x00\x00\x00\x00\x00\x00\x00\x00\x00\x00\x00\x00\x00\x00\x00\x00\r\n'
2023-05-01 13:23:23,696 - core_scheduling.py:deal_data_forwarding_callback[line:151] - CRITICAL: 线程池回调 ： 完成DIRECT_DEVICE_TO_FILE任务{task_id}
2023-05-01 13:23:54,067 - bsp_underwater_acoustic_comm.py:_read_bytes[line:196] - CRITICAL: 水声通信设备(端口'COM5' 状态True) 接收到一帧数据b'U\xaa6\x01test.txt-38\x00\x00\x00\x00\x00\x00\x00\x00\x00\x00\x00\x00\x00\x00\x00\x00\x00\x00\x00\x00\x00\x00\x00\x00\x00\x00\x00\x00\x00\x00\x00\x00\x00\x00\x00\x00\x00\x00\x00\x00\r\n'
2023-05-01 13:23:54,071 - bsp_underwater_acoustic_comm.py:_write_bytes[line:172] - CRITICAL: 水声通信设备(端口'COM5' 状态True)传输一帧数据b'U\xaa6\x04fileinfo_received\x00\x00\x00\x00\x00\x00\x00\x00\x00\x00\x00\x00\x00\x00\x00\x00\x00\x00\x00\x00\x00\x00\x00\x00\x00\x00\x00\x00\x00\x00\x00\x00\x00\x00\r\n'
2023-05-01 13:23:54,479 - bsp_underwater_acoustic_comm.py:_write_bytes[line:177] - WARNING: 水声通信设备(端口'COM5' 状态True) 发送数据时接收到0X66 0XBB确认回馈
2023-05-01 13:23:55,477 - bsp_underwater_acoustic_comm.py:_read_bytes[line:196] - CRITICAL: 水声通信设备(端口'COM5' 状态True) 接收到一帧数据b'U\xaa6\x03123\x00\x00\x00\x00\x00\x00\x00\x00\x00\x00\x00\x00\x00\x00\x00\x00\x00\x00\x00\x00\x00\x00\x00\x00\x00\x00\x00\x00\x00\x00\x00\x00\x00\x00\x00\x00\x00\x00\x00\x00\x00\x00\x00\x00\x00\x00\x00\x00\r\n'
2023-05-01 13:23:55,479 - core_scheduling.py:deal_data_forwarding_callback[line:151] - CRITICAL: 线程池回调 ： 完成DIRECT_DEVICE_TO_FILE任务{task_id}
2023-05-01 13:25:27,115 - bsp_underwater_acoustic_comm.py:_write_bytes[line:172] - CRITICAL: 水声通信设备(端口'COM5' 状态True)传输一帧数据b'U\xaa6\x01test.txt-38\x00\x00\x00\x00\x00\x00\x00\x00\x00\x00\x00\x00\x00\x00\x00\x00\x00\x00\x00\x00\x00\x00\x00\x00\x00\x00\x00\x00\x00\x00\x00\x00\x00\x00\x00\x00\x00\x00\x00\x00\r\n'
2023-05-01 13:25:28,628 - bsp_underwater_acoustic_comm.py:_write_bytes[line:177] - WARNING: 水声通信设备(端口'COM5' 状态True) 发送数据时接收到0X66 0XBB确认回馈
2023-05-01 13:25:31,260 - bsp_underwater_acoustic_comm.py:_read_bytes[line:196] - CRITICAL: 水声通信设备(端口'COM5' 状态True) 接收到一帧数据b'U\xaa6\x04fileinfo_received\x00\x00\x00\x00\x00\x00\x00\x00\x00\x00\x00\x00\x00\x00\x00\x00\x00\x00\x00\x00\x00\x00\x00\x00\x00\x00\x00\x00\x00\x00\x00\x00\x00\x00\r\n'
2023-05-01 13:25:31,264 - bsp_underwater_acoustic_comm.py:_write_bytes[line:172] - CRITICAL: 水声通信设备(端口'COM5' 状态True)传输一帧数据b'U\xaa6\x0301234567890123456789012345678901234567\x00\x00\x00\x00\x00\x00\x00\x00\x00\x00\x00\x00\x00\r\n'
2023-05-01 13:25:33,741 - bsp_underwater_acoustic_comm.py:_write_bytes[line:177] - WARNING: 水声通信设备(端口'COM5' 状态True) 发送数据时接收到0X66 0XBB确认回馈
2023-05-01 13:25:33,743 - core_scheduling.py:deal_data_forwarding_callback[line:153] - CRITICAL: 线程池回调 ： 完成DIRECT_FILE_TO_DEVICE任务{task_id}
