2023-04-30 23:06:11,247 - __init__.py:init_device[line:18] - CRITICAL: 初始化网关设备驱动 start...
2023-04-30 23:06:11,264 - device_manager.py:open[line:64] - INFO: SUCCESS : open device设备('水声通信机0')
2023-04-30 23:06:11,264 - core_scheduling.py:init_device_list_threadhandle[line:51] - INFO: 设备列表中存在1个设备, 设备0=设备('水声通信机0')
2023-04-30 23:06:11,264 - connection_workflow.py:start[line:179] - INFO: Pika version 1.3.1 connecting to ('::1', 5672, 0, 0)
2023-04-30 23:06:11,264 - io_services_utils.py:_on_writable[line:345] - INFO: Socket connected: <socket.socket fd=804, family=AddressFamily.AF_INET6, type=SocketKind.SOCK_STREAM, proto=6, laddr=('::1', 8151, 0, 0), raddr=('::1', 5672, 0, 0)>
2023-04-30 23:06:11,288 - connection_workflow.py:_on_transport_establishment_done[line:428] - INFO: Streaming transport linked up: (<pika.adapters.utils.io_services_utils._AsyncPlaintextTransport object at 0x000001D177B6F490>, _StreamingProtocolShim: <SelectConnection PROTOCOL transport=<pika.adapters.utils.io_services_utils._AsyncPlaintextTransport object at 0x000001D177B6F490> params=<ConnectionParameters host=localhost port=5672 virtual_host=/ ssl=False>>).
2023-04-30 23:06:11,292 - connection_workflow.py:_report_completion_and_cleanup[line:293] - INFO: AMQPConnector - reporting success: <SelectConnection OPEN transport=<pika.adapters.utils.io_services_utils._AsyncPlaintextTransport object at 0x000001D177B6F490> params=<ConnectionParameters host=localhost port=5672 virtual_host=/ ssl=False>>
2023-04-30 23:06:11,292 - connection_workflow.py:_report_completion_and_cleanup[line:725] - INFO: AMQPConnectionWorkflow - reporting success: <SelectConnection OPEN transport=<pika.adapters.utils.io_services_utils._AsyncPlaintextTransport object at 0x000001D177B6F490> params=<ConnectionParameters host=localhost port=5672 virtual_host=/ ssl=False>>
2023-04-30 23:06:11,292 - blocking_connection.py:_create_connection[line:453] - INFO: Connection workflow succeeded: <SelectConnection OPEN transport=<pika.adapters.utils.io_services_utils._AsyncPlaintextTransport object at 0x000001D177B6F490> params=<ConnectionParameters host=localhost port=5672 virtual_host=/ ssl=False>>
2023-04-30 23:06:11,293 - blocking_connection.py:__init__[line:1264] - INFO: Created channel=1
2023-04-30 23:06:11,295 - core_scheduling.py:monitor_web_task_threadhandle[line:219] - CRITICAL: SUCCESS : Create Pika server.
2023-04-30 23:06:20,308 - bsp_underwater_acoustic_comm.py:_write_bytes[line:185] - CRITICAL: 水声通信设备(端口'COM5' 状态True)传输一帧数据b'U\xaa6\x01test.txt\x00\x00\x00\x00\x00\x00\x00\x00\x00\x00\x00\x00\x00\x00\x00\x00\x00\x00\x00\x00\x00\x00\x00\x00\x00\x00\x00\x00\x00\x00\x00\x00\x00\x00\x00\x00\x00\x00\x00\x00\x00\x00\x00\r\n'
2023-04-30 23:06:22,566 - bsp_underwater_acoustic_comm.py:_write_bytes[line:190] - WARNING: 水声通信设备(端口'COM5' 状态True) 发送数据时接收到0X66 0XBB确认回馈
2023-04-30 23:06:23,290 - bsp_underwater_acoustic_comm.py:_read_bytes[line:209] - CRITICAL: 水声通信设备(端口'COM5' 状态True) 接收到一帧数据b'U\xaa6\x04filename_received\x00\x00\x00\x00\x00\x00\x00\x00\x00\x00\x00\x00\x00\x00\x00\x00\x00\x00\x00\x00\x00\x00\x00\x00\x00\x00\x00\x00\x00\x00\x00\x00\x00\x00\r\n'
2023-04-30 23:06:23,294 - bsp_underwater_acoustic_comm.py:_write_bytes[line:185] - CRITICAL: 水声通信设备(端口'COM5' 状态True)传输一帧数据b'U\xaa6\x0238\x00\x00\x00\x00\x00\x00\x00\x00\x00\x00\x00\x00\x00\x00\x00\x00\x00\x00\x00\x00\x00\x00\x00\x00\x00\x00\x00\x00\x00\x00\x00\x00\x00\x00\x00\x00\x00\x00\x00\x00\x00\x00\x00\x00\x00\x00\x00\x00\x00\r\n'
2023-04-30 23:06:24,185 - bsp_underwater_acoustic_comm.py:_write_bytes[line:190] - WARNING: 水声通信设备(端口'COM5' 状态True) 发送数据时接收到0X66 0XBB确认回馈
2023-04-30 23:06:24,933 - bsp_underwater_acoustic_comm.py:_read_bytes[line:209] - CRITICAL: 水声通信设备(端口'COM5' 状态True) 接收到一帧数据b'U\xaa6\x04filesize_received\x00\x00\x00\x00\x00\x00\x00\x00\x00\x00\x00\x00\x00\x00\x00\x00\x00\x00\x00\x00\x00\x00\x00\x00\x00\x00\x00\x00\x00\x00\x00\x00\x00\x00\r\n'
2023-04-30 23:06:24,937 - bsp_underwater_acoustic_comm.py:_write_bytes[line:185] - CRITICAL: 水声通信设备(端口'COM5' 状态True)传输一帧数据b'U\xaa6\x0301234567890123456789012345678901234567\x00\x00\x00\x00\x00\x00\x00\x00\x00\x00\x00\x00\x00\r\n'
2023-04-30 23:06:27,736 - bsp_underwater_acoustic_comm.py:_write_bytes[line:190] - WARNING: 水声通信设备(端口'COM5' 状态True) 发送数据时接收到0X66 0XBB确认回馈
2023-04-30 23:06:34,430 - bsp_underwater_acoustic_comm.py:_read_bytes[line:209] - CRITICAL: 水声通信设备(端口'COM5' 状态True) 接收到一帧数据b'f\xbb'
2023-04-30 23:06:34,430 - bsp_underwater_acoustic_comm.py:_read_bytes[line:212] - WARNING: WARNING : 水声通信设备(端口'COM5' 状态True) read frame length is not 57
2023-04-30 23:06:34,430 - bsp_underwater_acoustic_comm.py:_read_bytes[line:214] - WARNING: WARNING : 水声通信设备(端口'COM5' 状态True) read frmae without header b'U\xaa6'
2023-04-30 23:06:34,430 - bsp_underwater_acoustic_comm.py:_read_bytes[line:220] - WARNING: WARNING : 水声通信设备(端口'COM5' 状态True) read frmae without end b'\r\n'
2023-04-30 23:06:34,430 - bsp_underwater_acoustic_comm.py:read[line:160] - ERROR: 水声通信设备(端口'COM5' 状态True)读取文件发生错误, 错误原因： 未接收到正确的CMD CMD_FILENAME
2023-04-30 23:06:34,431 - core_scheduling.py:deal_data_forwarding_processhandle[line:108] - ERROR: ERROR   : 线程池处理DIRECT_DEVICE_TO_FILE任务124446
2023-04-30 23:06:34,431 - core_scheduling.py:deal_data_forwarding_callback[line:162] - ERROR: 线程池处理任务124446回调出现错误, 错误原因(sqlite3.ProgrammingError) SQLite objects created in a thread can only be used in that same thread. The object was created in thread id 2960 and this is thread id 14844.
[SQL: SELECT tasks.task_id AS tasks_task_id, tasks.task_name AS tasks_task_name, tasks.task_priority AS tasks_task_priority, tasks.source_file_id AS tasks_source_file_id, tasks.source_file_name AS tasks_source_file_name, tasks.source_file_size AS tasks_source_file_size, tasks.source_file_path AS tasks_source_file_path, tasks.target_device_id AS tasks_target_device_id, tasks.target_device_name AS tasks_target_device_name, tasks.task_status AS tasks_task_status, tasks.task_submit_time AS tasks_task_submit_time, tasks.task_submit_source AS tasks_task_submit_source, tasks.task_execute_time AS tasks_task_execute_time, tasks.task_finish_time AS tasks_task_finish_time, tasks.task_transfer_speed AS tasks_task_transfer_speed 
FROM tasks 
WHERE tasks.task_id = ?
 LIMIT ? OFFSET ?]
[parameters: [{}]]
(Background on this error at: https://sqlalche.me/e/14/f405)
