2023-04-30 20:35:01,402 - __init__.py:init_device[line:18] - CRITICAL: 初始化网关设备驱动 start...
2023-04-30 20:35:01,428 - device_manager.py:open[line:63] - INFO: SUCCESS : open device设备('水声通信机0')
2023-04-30 20:35:01,428 - core_scheduling.py:init_device_list_threadhandle[line:51] - INFO: 设备列表中存在1个设备, 设备0=设备('水声通信机0')
2023-04-30 20:35:01,435 - connection_workflow.py:start[line:179] - INFO: Pika version 1.3.1 connecting to ('::1', 5672, 0, 0)
2023-04-30 20:35:01,436 - io_services_utils.py:_on_writable[line:345] - INFO: Socket connected: <socket.socket fd=960, family=AddressFamily.AF_INET6, type=SocketKind.SOCK_STREAM, proto=6, laddr=('::1', 14678, 0, 0), raddr=('::1', 5672, 0, 0)>
2023-04-30 20:35:01,436 - connection_workflow.py:_on_transport_establishment_done[line:428] - INFO: Streaming transport linked up: (<pika.adapters.utils.io_services_utils._AsyncPlaintextTransport object at 0x0000021B3DD7E4C0>, _StreamingProtocolShim: <SelectConnection PROTOCOL transport=<pika.adapters.utils.io_services_utils._AsyncPlaintextTransport object at 0x0000021B3DD7E4C0> params=<ConnectionParameters host=localhost port=5672 virtual_host=/ ssl=False>>).
2023-04-30 20:35:01,448 - connection_workflow.py:_report_completion_and_cleanup[line:293] - INFO: AMQPConnector - reporting success: <SelectConnection OPEN transport=<pika.adapters.utils.io_services_utils._AsyncPlaintextTransport object at 0x0000021B3DD7E4C0> params=<ConnectionParameters host=localhost port=5672 virtual_host=/ ssl=False>>
2023-04-30 20:35:01,448 - connection_workflow.py:_report_completion_and_cleanup[line:725] - INFO: AMQPConnectionWorkflow - reporting success: <SelectConnection OPEN transport=<pika.adapters.utils.io_services_utils._AsyncPlaintextTransport object at 0x0000021B3DD7E4C0> params=<ConnectionParameters host=localhost port=5672 virtual_host=/ ssl=False>>
2023-04-30 20:35:01,448 - blocking_connection.py:_create_connection[line:453] - INFO: Connection workflow succeeded: <SelectConnection OPEN transport=<pika.adapters.utils.io_services_utils._AsyncPlaintextTransport object at 0x0000021B3DD7E4C0> params=<ConnectionParameters host=localhost port=5672 virtual_host=/ ssl=False>>
2023-04-30 20:35:01,448 - blocking_connection.py:__init__[line:1264] - INFO: Created channel=1
2023-04-30 20:35:01,450 - core_scheduling.py:monitor_web_task_threadhandle[line:170] - CRITICAL: SUCCESS : Create Pika server.
2023-04-30 20:36:11,897 - core_scheduling.py:deal_data_forwarding_processhandle[line:72] - CRITICAL: 线程池接收到task = 任务(文件storage/upload/test.txt 设备设备('水声通信机0') 方向mTaskFlowDirectionEnum.DIRECT_FILE_TO_DEVICE 优先级mTaskPriorityEnum.PRIOR_LOW)
2023-04-30 20:36:11,901 - bsp_underwater_acoustic_comm.py:_write_bytes[line:179] - CRITICAL: 水声通信设备(端口'COM5' 状态True)传输一帧数据b'U\xaa6\x01test.txt\x00\x00\x00\x00\x00\x00\x00\x00\x00\x00\x00\x00\x00\x00\x00\x00\x00\x00\x00\x00\x00\x00\x00\x00\x00\x00\x00\x00\x00\x00\x00\x00\x00\x00\x00\x00\x00\x00\x00\x00\x00\x00\x00\r\n'
2023-04-30 20:36:13,820 - bsp_underwater_acoustic_comm.py:_write_bytes[line:184] - WARNING: 水声通信设备(端口'COM5' 状态True) 发送数据时接收到0X66 0XBB确认回馈
2023-04-30 20:36:15,119 - bsp_underwater_acoustic_comm.py:_read_bytes[line:203] - CRITICAL: 水声通信设备(端口'COM5' 状态True) 接收到一帧数据b'U\xaa6\x04filename_received\x00\x00\x00\x00\x00\x00\x00\x00\x00\x00\x00\x00\x00\x00\x00\x00\x00\x00\x00\x00\x00\x00\x00\x00\x00\x00\x00\x00\x00\x00\x00\x00\x00\x00\r\n'
2023-04-30 20:36:15,123 - bsp_underwater_acoustic_comm.py:_write_bytes[line:179] - CRITICAL: 水声通信设备(端口'COM5' 状态True)传输一帧数据b'U\xaa6\x0238\x00\x00\x00\x00\x00\x00\x00\x00\x00\x00\x00\x00\x00\x00\x00\x00\x00\x00\x00\x00\x00\x00\x00\x00\x00\x00\x00\x00\x00\x00\x00\x00\x00\x00\x00\x00\x00\x00\x00\x00\x00\x00\x00\x00\x00\x00\x00\x00\x00\r\n'
2023-04-30 20:36:16,021 - bsp_underwater_acoustic_comm.py:_write_bytes[line:184] - WARNING: 水声通信设备(端口'COM5' 状态True) 发送数据时接收到0X66 0XBB确认回馈
2023-04-30 20:36:16,702 - bsp_underwater_acoustic_comm.py:_read_bytes[line:203] - CRITICAL: 水声通信设备(端口'COM5' 状态True) 接收到一帧数据b'U\xaa6\x04filesize_received\x00\x00\x00\x00\x00\x00\x00\x00\x00\x00\x00\x00\x00\x00\x00\x00\x00\x00\x00\x00\x00\x00\x00\x00\x00\x00\x00\x00\x00\x00\x00\x00\x00\x00\r\n'
2023-04-30 20:36:16,705 - bsp_underwater_acoustic_comm.py:_write_bytes[line:179] - CRITICAL: 水声通信设备(端口'COM5' 状态True)传输一帧数据b'U\xaa6\x0301234567890123456789012345678901234567\x00\x00\x00\x00\x00\x00\x00\x00\x00\x00\x00\x00\x00\r\n'
2023-04-30 20:36:18,020 - bsp_underwater_acoustic_comm.py:_write_bytes[line:184] - WARNING: 水声通信设备(端口'COM5' 状态True) 发送数据时接收到0X66 0XBB确认回馈
2023-04-30 20:36:25,094 - core_scheduling.py:deal_data_forwarding_processhandle[line:72] - CRITICAL: 线程池接收到task = 任务(文件storage/device/acoustic/2023_04_30 20_36_25 设备设备('水声通信机0') 方向mTaskFlowDirectionEnum.DIRECT_DEVICE_TO_FILE 优先级mTaskPriorityEnum.PRIOR_LOW)
2023-04-30 20:36:28,945 - bsp_underwater_acoustic_comm.py:_read_bytes[line:203] - CRITICAL: 水声通信设备(端口'COM5' 状态True) 接收到一帧数据b'f\xbbU\xaa6\x01fiieaaaaQreceived\x00\x00\x00\x00\x00\x00\x00\x00\x00\x00\x00\x00\x00\x00\x00\x00\x00\x00\x00\x00\x00\x00\x00\x00\x00\x00\x00\x00\x00\x00\x00\x00\x00\x00'
2023-04-30 20:36:28,946 - bsp_underwater_acoustic_comm.py:_read_bytes[line:208] - WARNING: WARNING : 水声通信设备(端口'COM5' 状态True) read frmae without header b'U\xaa6'
2023-04-30 20:36:28,946 - bsp_underwater_acoustic_comm.py:_read_bytes[line:214] - WARNING: WARNING : 水声通信设备(端口'COM5' 状态True) read frmae without end b'\r\n'
2023-04-30 20:36:28,947 - bsp_underwater_acoustic_comm.py:read[line:156] - ERROR: 水声通信设备(端口'COM5' 状态True)读取文件发生错误, 错误原因： 未接收到正确的CMD CMD_FILENAME
2023-04-30 20:36:28,947 - core_scheduling.py:deal_data_forwarding_processhandle[line:87] - ERROR: ERROR   : 线程池处理任务(文件2023_04_30 20_36_25，设备设备('水声通信机0')
2023-04-30 20:36:28,949 - core_scheduling.py:deal_data_forwarding_callback[line:113] - ERROR: 线程池处理任务task device rec 2023_04_30 20_36_25回调出现错误, 错误原因No active exception to reraise
2023-04-30 20:36:29,110 - core_scheduling.py:deal_data_forwarding_processhandle[line:72] - CRITICAL: 线程池接收到task = 任务(文件storage/device/acoustic/2023_04_30 20_36_29 设备设备('水声通信机0') 方向mTaskFlowDirectionEnum.DIRECT_DEVICE_TO_FILE 优先级mTaskPriorityEnum.PRIOR_LOW)
2023-04-30 20:36:34,116 - bsp_underwater_acoustic_comm.py:_read_bytes[line:203] - CRITICAL: 水声通信设备(端口'COM5' 状态True) 接收到一帧数据b'\r\n'
2023-04-30 20:36:34,116 - bsp_underwater_acoustic_comm.py:_read_bytes[line:206] - WARNING: WARNING : 水声通信设备(端口'COM5' 状态True) read frame length is not 57
2023-04-30 20:36:34,116 - bsp_underwater_acoustic_comm.py:_read_bytes[line:208] - WARNING: WARNING : 水声通信设备(端口'COM5' 状态True) read frmae without header b'U\xaa6'
2023-04-30 20:36:34,116 - bsp_underwater_acoustic_comm.py:_read_bytes[line:214] - WARNING: WARNING : 水声通信设备(端口'COM5' 状态True) read frmae without end b'\r\n'
2023-04-30 20:36:34,116 - bsp_underwater_acoustic_comm.py:read[line:156] - ERROR: 水声通信设备(端口'COM5' 状态True)读取文件发生错误, 错误原因： 未接收到正确的CMD CMD_FILENAME
2023-04-30 20:36:34,117 - core_scheduling.py:deal_data_forwarding_processhandle[line:87] - ERROR: ERROR   : 线程池处理任务(文件2023_04_30 20_36_29，设备设备('水声通信机0')
2023-04-30 20:36:34,117 - core_scheduling.py:deal_data_forwarding_callback[line:113] - ERROR: 线程池处理任务task device rec 2023_04_30 20_36_29回调出现错误, 错误原因No active exception to reraise
2023-04-30 20:36:54,326 - core_scheduling.py:deal_data_forwarding_processhandle[line:72] - CRITICAL: 线程池接收到task = 任务(文件storage/device/acoustic/2023_04_30 20_36_54 设备设备('水声通信机0') 方向mTaskFlowDirectionEnum.DIRECT_DEVICE_TO_FILE 优先级mTaskPriorityEnum.PRIOR_LOW)
2023-04-30 20:36:54,327 - bsp_underwater_acoustic_comm.py:_read_bytes[line:203] - CRITICAL: 水声通信设备(端口'COM5' 状态True) 接收到一帧数据b'U\xaa6\x01fiieaaaaQreceived\x00\x00\x00\x00\x00\x00\x00\x00\x00\x00\x00\x00\x00\x00\x00\x00\x00\x00\x00\x00\x00\x00\x00\x00\x00\x00\x00\x00\x00\x00\x00\x00\x00\x00\r\n'
2023-04-30 20:36:54,330 - bsp_underwater_acoustic_comm.py:_write_bytes[line:179] - CRITICAL: 水声通信设备(端口'COM5' 状态True)传输一帧数据b'U\xaa6\x04filename_received\x00\x00\x00\x00\x00\x00\x00\x00\x00\x00\x00\x00\x00\x00\x00\x00\x00\x00\x00\x00\x00\x00\x00\x00\x00\x00\x00\x00\x00\x00\x00\x00\x00\x00\r\n'
2023-04-30 20:36:57,211 - bsp_underwater_acoustic_comm.py:_write_bytes[line:184] - WARNING: 水声通信设备(端口'COM5' 状态True) 发送数据时接收到0X66 0XBB确认回馈
2023-04-30 20:36:58,238 - bsp_underwater_acoustic_comm.py:_read_bytes[line:203] - CRITICAL: 水声通信设备(端口'COM5' 状态True) 接收到一帧数据b'U\xaa6\x02123\x00\x00\x00\x00\x00\x00\x00\x00\x00\x00\x00\x00\x00\x00\x00\x00\x00\x00\x00\x00\x00\x00\x00\x00\x00\x00\x00\x00\x00\x00\x00\x00\x00\x00\x00\x00\x00\x00\x00\x00\x00\x00\x00\x00\x00\x00\x00\x00\r\n'
2023-04-30 20:36:58,243 - bsp_underwater_acoustic_comm.py:_write_bytes[line:179] - CRITICAL: 水声通信设备(端口'COM5' 状态True)传输一帧数据b'U\xaa6\x04filesize_received\x00\x00\x00\x00\x00\x00\x00\x00\x00\x00\x00\x00\x00\x00\x00\x00\x00\x00\x00\x00\x00\x00\x00\x00\x00\x00\x00\x00\x00\x00\x00\x00\x00\x00\r\n'
2023-04-30 20:36:59,558 - bsp_underwater_acoustic_comm.py:_write_bytes[line:184] - WARNING: 水声通信设备(端口'COM5' 状态True) 发送数据时接收到0X66 0XBB确认回馈
2023-04-30 20:37:00,834 - bsp_underwater_acoustic_comm.py:_read_bytes[line:203] - CRITICAL: 水声通信设备(端口'COM5' 状态True) 接收到一帧数据b'U\xaa6\x03123\x00\x00\x00\x00\x00\x00\x00\x00\x00\x00\x00\x00\x00\x00\x00\x00\x00\x00\x00\x00\x00\x00\x00\x00\x00\x00\x00\x00\x00\x00\x00\x00\x00\x00\x00\x00\x00\x00\x00\x00\x00\x00\x00\x00\x00\x00\x00\x00\r\n'
2023-04-30 20:37:02,569 - bsp_underwater_acoustic_comm.py:_read_bytes[line:203] - CRITICAL: 水声通信设备(端口'COM5' 状态True) 接收到一帧数据b'U\xaa6\x03123\x00\x00\x00\x00\x00\x00\x00\x00\x00\x00\x00\x00\x00\x00\x00\x00\x00\x00\x00\x00\x00\x00\x00\x00\x00\x00\x00\x00\x00\x00\x00\x00\x00\x00\x00\x00\x00\x00\x00\x00\x00\x00\x00\x00\x00\x00\x00\x00\r\n'
2023-04-30 20:37:04,373 - bsp_underwater_acoustic_comm.py:_read_bytes[line:203] - CRITICAL: 水声通信设备(端口'COM5' 状态True) 接收到一帧数据b'U\xaa6\x03123\x00\x00\x00\x00\x00\x00\x00\x00\x00\x00\x00\x00\x00\x00\x00\x00\x00\x00\x00\x00\x00\x00\x00\x00\x00\x00\x00\x00\x00\x00\x00\x00\x00\x00\x00\x00\x00\x00\x00\x00\x00\x00\x00\x00\x00\x00\x00\x00\r\n'
2023-04-30 20:37:04,375 - core_scheduling.py:deal_data_forwarding_processhandle[line:87] - ERROR: ERROR   : 线程池处理任务(文件2023_04_30 20_36_54，设备设备('水声通信机0')
2023-04-30 20:37:04,375 - core_scheduling.py:deal_data_forwarding_callback[line:113] - ERROR: 线程池处理任务task device rec 2023_04_30 20_36_54回调出现错误, 错误原因No active exception to reraise
