2023-04-30 22:21:09,513 - __init__.py:init_device[line:18] - CRITICAL: 初始化网关设备驱动 start...
2023-04-30 22:21:09,528 - device_manager.py:open[line:64] - INFO: SUCCESS : open device设备('水声通信机0')
2023-04-30 22:21:09,528 - core_scheduling.py:init_device_list_threadhandle[line:51] - INFO: 设备列表中存在1个设备, 设备0=设备('水声通信机0')
2023-04-30 22:21:09,528 - connection_workflow.py:start[line:179] - INFO: Pika version 1.3.1 connecting to ('::1', 5672, 0, 0)
2023-04-30 22:21:09,528 - io_services_utils.py:_on_writable[line:345] - INFO: Socket connected: <socket.socket fd=952, family=AddressFamily.AF_INET6, type=SocketKind.SOCK_STREAM, proto=6, laddr=('::1', 6192, 0, 0), raddr=('::1', 5672, 0, 0)>
2023-04-30 22:21:09,548 - connection_workflow.py:_on_transport_establishment_done[line:428] - INFO: Streaming transport linked up: (<pika.adapters.utils.io_services_utils._AsyncPlaintextTransport object at 0x000001CB750704F0>, _StreamingProtocolShim: <SelectConnection PROTOCOL transport=<pika.adapters.utils.io_services_utils._AsyncPlaintextTransport object at 0x000001CB750704F0> params=<ConnectionParameters host=localhost port=5672 virtual_host=/ ssl=False>>).
2023-04-30 22:21:09,554 - connection_workflow.py:_report_completion_and_cleanup[line:293] - INFO: AMQPConnector - reporting success: <SelectConnection OPEN transport=<pika.adapters.utils.io_services_utils._AsyncPlaintextTransport object at 0x000001CB750704F0> params=<ConnectionParameters host=localhost port=5672 virtual_host=/ ssl=False>>
2023-04-30 22:21:09,554 - connection_workflow.py:_report_completion_and_cleanup[line:725] - INFO: AMQPConnectionWorkflow - reporting success: <SelectConnection OPEN transport=<pika.adapters.utils.io_services_utils._AsyncPlaintextTransport object at 0x000001CB750704F0> params=<ConnectionParameters host=localhost port=5672 virtual_host=/ ssl=False>>
2023-04-30 22:21:09,554 - blocking_connection.py:_create_connection[line:453] - INFO: Connection workflow succeeded: <SelectConnection OPEN transport=<pika.adapters.utils.io_services_utils._AsyncPlaintextTransport object at 0x000001CB750704F0> params=<ConnectionParameters host=localhost port=5672 virtual_host=/ ssl=False>>
2023-04-30 22:21:09,554 - blocking_connection.py:__init__[line:1264] - INFO: Created channel=1
2023-04-30 22:21:09,555 - core_scheduling.py:monitor_web_task_threadhandle[line:193] - CRITICAL: SUCCESS : Create Pika server.
2023-04-30 22:21:32,772 - core_scheduling.py:deal_data_forwarding_processhandle[line:89] - CRITICAL: 线程池接收到task = 任务(文件storage/device/acoustic/2023_04_30 22_21_32 设备设备('水声通信机0') 方向mTaskFlowDirectionEnum.DIRECT_DEVICE_TO_FILE 优先级mTaskPriorityEnum.PRIOR_LOW)
2023-04-30 22:21:32,774 - bsp_underwater_acoustic_comm.py:_read_bytes[line:205] - CRITICAL: 水声通信设备(端口'COM5' 状态True) 接收到一帧数据b'U\xaa6\x01fiieaaaaQreceived\x00\x00\x00\x00\x00\x00\x00\x00\x00\x00\x00\x00\x00\x00\x00\x00\x00\x00\x00\x00\x00\x00\x00\x00\x00\x00\x00\x00\x00\x00\x00\x00\x00\x00\r\n'
2023-04-30 22:21:32,777 - bsp_underwater_acoustic_comm.py:_write_bytes[line:181] - CRITICAL: 水声通信设备(端口'COM5' 状态True)传输一帧数据b'U\xaa6\x04filename_received\x00\x00\x00\x00\x00\x00\x00\x00\x00\x00\x00\x00\x00\x00\x00\x00\x00\x00\x00\x00\x00\x00\x00\x00\x00\x00\x00\x00\x00\x00\x00\x00\x00\x00\r\n'
2023-04-30 22:21:37,685 - bsp_underwater_acoustic_comm.py:_write_bytes[line:186] - WARNING: 水声通信设备(端口'COM5' 状态True) 发送数据时接收到0X66 0XBB确认回馈
2023-04-30 22:21:38,710 - bsp_underwater_acoustic_comm.py:_read_bytes[line:205] - CRITICAL: 水声通信设备(端口'COM5' 状态True) 接收到一帧数据b'U\xaa6\x02123\x00\x00\x00\x00\x00\x00\x00\x00\x00\x00\x00\x00\x00\x00\x00\x00\x00\x00\x00\x00\x00\x00\x00\x00\x00\x00\x00\x00\x00\x00\x00\x00\x00\x00\x00\x00\x00\x00\x00\x00\x00\x00\x00\x00\x00\x00\x00\x00\r\n'
2023-04-30 22:21:38,715 - bsp_underwater_acoustic_comm.py:_write_bytes[line:181] - CRITICAL: 水声通信设备(端口'COM5' 状态True)传输一帧数据b'U\xaa6\x04filesize_received\x00\x00\x00\x00\x00\x00\x00\x00\x00\x00\x00\x00\x00\x00\x00\x00\x00\x00\x00\x00\x00\x00\x00\x00\x00\x00\x00\x00\x00\x00\x00\x00\x00\x00\r\n'
2023-04-30 22:21:39,947 - bsp_underwater_acoustic_comm.py:_write_bytes[line:186] - WARNING: 水声通信设备(端口'COM5' 状态True) 发送数据时接收到0X66 0XBB确认回馈
2023-04-30 22:21:41,016 - bsp_underwater_acoustic_comm.py:_read_bytes[line:205] - CRITICAL: 水声通信设备(端口'COM5' 状态True) 接收到一帧数据b'U\xaa6\x03123\x00\x00\x00\x00\x00\x00\x00\x00\x00\x00\x00\x00\x00\x00\x00\x00\x00\x00\x00\x00\x00\x00\x00\x00\x00\x00\x00\x00\x00\x00\x00\x00\x00\x00\x00\x00\x00\x00\x00\x00\x00\x00\x00\x00\x00\x00\x00\x00\r\n'
2023-04-30 22:21:42,306 - bsp_underwater_acoustic_comm.py:_read_bytes[line:205] - CRITICAL: 水声通信设备(端口'COM5' 状态True) 接收到一帧数据b'U\xaa6\x03123\x00\x00\x00\x00\x00\x00\x00\x00\x00\x00\x00\x00\x00\x00\x00\x00\x00\x00\x00\x00\x00\x00\x00\x00\x00\x00\x00\x00\x00\x00\x00\x00\x00\x00\x00\x00\x00\x00\x00\x00\x00\x00\x00\x00\x00\x00\x00\x00\r\n'
2023-04-30 22:21:44,221 - bsp_underwater_acoustic_comm.py:_read_bytes[line:205] - CRITICAL: 水声通信设备(端口'COM5' 状态True) 接收到一帧数据b'U\xaa6\x03123\x00\x00\x00\x00\x00\x00\x00\x00\x00\x00\x00\x00\x00\x00\x00\x00\x00\x00\x00\x00\x00\x00\x00\x00\x00\x00\x00\x00\x00\x00\x00\x00\x00\x00\x00\x00\x00\x00\x00\x00\x00\x00\x00\x00\x00\x00\x00\x00\r\n'
2023-04-30 22:21:44,234 - _base.py:_invoke_callbacks[line:331] - ERROR: exception calling callback for <Future at 0x1cb75039df0 state=finished returned NoneType>
Traceback (most recent call last):
  File "S:\anaconda3\lib\concurrent\futures\_base.py", line 329, in _invoke_callbacks
    callback(self)
  File "Y:\研究生\跨越网关\代码\Gateway_System\control\src\core_scheduling.py", line 116, in deal_data_forwarding_callback
    task_id     = task.get('task_id')
AttributeError: 'NoneType' object has no attribute 'get'
