2023-04-30 20:24:45,498 - __init__.py:init_device[line:18] - CRITICAL: 初始化网关设备驱动 start...
2023-04-30 20:24:45,507 - device_manager.py:open[line:63] - INFO: SUCCESS : open device设备('水声通信机0')
2023-04-30 20:24:45,507 - core_scheduling.py:init_device_list_threadhandle[line:51] - INFO: 设备列表中存在1个设备, 设备0=设备('水声通信机0')
2023-04-30 20:24:45,514 - connection_workflow.py:start[line:179] - INFO: Pika version 1.3.1 connecting to ('::1', 5672, 0, 0)
2023-04-30 20:24:45,514 - io_services_utils.py:_on_writable[line:345] - INFO: Socket connected: <socket.socket fd=828, family=AddressFamily.AF_INET6, type=SocketKind.SOCK_STREAM, proto=6, laddr=('::1', 14246, 0, 0), raddr=('::1', 5672, 0, 0)>
2023-04-30 20:24:45,527 - connection_workflow.py:_on_transport_establishment_done[line:428] - INFO: Streaming transport linked up: (<pika.adapters.utils.io_services_utils._AsyncPlaintextTransport object at 0x00000276DD8BF4C0>, _StreamingProtocolShim: <SelectConnection PROTOCOL transport=<pika.adapters.utils.io_services_utils._AsyncPlaintextTransport object at 0x00000276DD8BF4C0> params=<ConnectionParameters host=localhost port=5672 virtual_host=/ ssl=False>>).
2023-04-30 20:24:45,531 - connection_workflow.py:_report_completion_and_cleanup[line:293] - INFO: AMQPConnector - reporting success: <SelectConnection OPEN transport=<pika.adapters.utils.io_services_utils._AsyncPlaintextTransport object at 0x00000276DD8BF4C0> params=<ConnectionParameters host=localhost port=5672 virtual_host=/ ssl=False>>
2023-04-30 20:24:45,531 - connection_workflow.py:_report_completion_and_cleanup[line:725] - INFO: AMQPConnectionWorkflow - reporting success: <SelectConnection OPEN transport=<pika.adapters.utils.io_services_utils._AsyncPlaintextTransport object at 0x00000276DD8BF4C0> params=<ConnectionParameters host=localhost port=5672 virtual_host=/ ssl=False>>
2023-04-30 20:24:45,531 - blocking_connection.py:_create_connection[line:453] - INFO: Connection workflow succeeded: <SelectConnection OPEN transport=<pika.adapters.utils.io_services_utils._AsyncPlaintextTransport object at 0x00000276DD8BF4C0> params=<ConnectionParameters host=localhost port=5672 virtual_host=/ ssl=False>>
2023-04-30 20:24:45,532 - blocking_connection.py:__init__[line:1264] - INFO: Created channel=1
2023-04-30 20:24:45,533 - core_scheduling.py:monitor_web_task_threadhandle[line:170] - CRITICAL: SUCCESS : Create Pika server.
2023-04-30 20:25:16,200 - core_scheduling.py:deal_data_forwarding_processhandle[line:72] - CRITICAL: 线程池接收到task = 任务(文件storage/uploadtest.txt 设备设备('水声通信机0') 方向mTaskFlowDirectionEnum.DIRECT_FILE_TO_DEVICE 优先级mTaskPriorityEnum.PRIOR_LOW)
2023-04-30 20:25:16,202 - bsp_underwater_acoustic_comm.py:_write_bytes[line:179] - CRITICAL: 水声通信设备(端口'COM5' 状态True)传输一帧数据b'U\xaa6\x01test.txt\x00\x00\x00\x00\x00\x00\x00\x00\x00\x00\x00\x00\x00\x00\x00\x00\x00\x00\x00\x00\x00\x00\x00\x00\x00\x00\x00\x00\x00\x00\x00\x00\x00\x00\x00\x00\x00\x00\x00\x00\x00\x00\x00\r\n'
2023-04-30 20:25:17,622 - bsp_underwater_acoustic_comm.py:_write_bytes[line:184] - WARNING: 水声通信设备(端口'COM5' 状态True) 发送数据时接收到0X66 0XBB确认回馈
2023-04-30 20:25:18,511 - bsp_underwater_acoustic_comm.py:_read_bytes[line:203] - CRITICAL: 水声通信设备(端口'COM5' 状态True) 接收到一帧数据b'U\xaa6\x04filename_received\x00\x00\x00\x00\x00\x00\x00\x00\x00\x00\x00\x00\x00\x00\x00\x00\x00\x00\x00\x00\x00\x00\x00\x00\x00\x00\x00\x00\x00\x00\x00\x00\x00\x00\r\n'
2023-04-30 20:25:18,514 - bsp_underwater_acoustic_comm.py:_write_bytes[line:179] - CRITICAL: 水声通信设备(端口'COM5' 状态True)传输一帧数据b'U\xaa6\x0238\x00\x00\x00\x00\x00\x00\x00\x00\x00\x00\x00\x00\x00\x00\x00\x00\x00\x00\x00\x00\x00\x00\x00\x00\x00\x00\x00\x00\x00\x00\x00\x00\x00\x00\x00\x00\x00\x00\x00\x00\x00\x00\x00\x00\x00\x00\x00\x00\x00\r\n'
2023-04-30 20:25:19,613 - bsp_underwater_acoustic_comm.py:_write_bytes[line:184] - WARNING: 水声通信设备(端口'COM5' 状态True) 发送数据时接收到0X66 0XBB确认回馈
2023-04-30 20:25:20,386 - bsp_underwater_acoustic_comm.py:_read_bytes[line:203] - CRITICAL: 水声通信设备(端口'COM5' 状态True) 接收到一帧数据b'U\xaa6\x04filesize_received\x00\x00\x00\x00\x00\x00\x00\x00\x00\x00\x00\x00\x00\x00\x00\x00\x00\x00\x00\x00\x00\x00\x00\x00\x00\x00\x00\x00\x00\x00\x00\x00\x00\x00\r\n'
2023-04-30 20:25:20,390 - bsp_underwater_acoustic_comm.py:_write_bytes[line:179] - CRITICAL: 水声通信设备(端口'COM5' 状态True)传输一帧数据b'U\xaa6\x0301234567890123456789012345678901234567\x00\x00\x00\x00\x00\x00\x00\x00\x00\x00\x00\x00\x00\r\n'
2023-04-30 20:25:21,917 - bsp_underwater_acoustic_comm.py:_write_bytes[line:184] - WARNING: 水声通信设备(端口'COM5' 状态True) 发送数据时接收到0X66 0XBB确认回馈
2023-04-30 20:26:58,619 - core_scheduling.py:deal_data_forwarding_processhandle[line:72] - CRITICAL: 线程池接收到task = 任务(文件storage/device/acoustic/2023_04_30 20_26_58 设备设备('水声通信机0') 方向mTaskFlowDirectionEnum.DIRECT_DEVICE_TO_FILE 优先级mTaskPriorityEnum.PRIOR_LOW)
2023-04-30 20:26:58,619 - bsp_underwater_acoustic_comm.py:_read_bytes[line:203] - CRITICAL: 水声通信设备(端口'COM5' 状态True) 接收到一帧数据b'U\xaa6\x01fiieaaaaQreceived\x00\x00\x00\x00\x00\x00\x00\x00\x00\x00\x00\x00\x00\x00\x00\x00\x00\x00\x00\x00\x00\x00\x00\x00\x00\x00\x00\x00\x00\x00\x00\x00\x00\x00\r\n'
2023-04-30 20:26:58,626 - bsp_underwater_acoustic_comm.py:_write_bytes[line:179] - CRITICAL: 水声通信设备(端口'COM5' 状态True)传输一帧数据b'U\xaa6\x04filename_received\x00\x00\x00\x00\x00\x00\x00\x00\x00\x00\x00\x00\x00\x00\x00\x00\x00\x00\x00\x00\x00\x00\x00\x00\x00\x00\x00\x00\x00\x00\x00\x00\x00\x00\r\n'
2023-04-30 20:26:59,915 - bsp_underwater_acoustic_comm.py:_write_bytes[line:184] - WARNING: 水声通信设备(端口'COM5' 状态True) 发送数据时接收到0X66 0XBB确认回馈
2023-04-30 20:27:01,141 - bsp_underwater_acoustic_comm.py:_read_bytes[line:203] - CRITICAL: 水声通信设备(端口'COM5' 状态True) 接收到一帧数据b'U\xaa6\x02123\x00\x00\x00\x00\x00\x00\x00\x00\x00\x00\x00\x00\x00\x00\x00\x00\x00\x00\x00\x00\x00\x00\x00\x00\x00\x00\x00\x00\x00\x00\x00\x00\x00\x00\x00\x00\x00\x00\x00\x00\x00\x00\x00\x00\x00\x00\x00\x00\r\n'
2023-04-30 20:27:01,144 - bsp_underwater_acoustic_comm.py:_write_bytes[line:179] - CRITICAL: 水声通信设备(端口'COM5' 状态True)传输一帧数据b'U\xaa6\x04filesize_received\x00\x00\x00\x00\x00\x00\x00\x00\x00\x00\x00\x00\x00\x00\x00\x00\x00\x00\x00\x00\x00\x00\x00\x00\x00\x00\x00\x00\x00\x00\x00\x00\x00\x00\r\n'
2023-04-30 20:27:02,696 - bsp_underwater_acoustic_comm.py:_write_bytes[line:184] - WARNING: 水声通信设备(端口'COM5' 状态True) 发送数据时接收到0X66 0XBB确认回馈
2023-04-30 20:27:03,774 - bsp_underwater_acoustic_comm.py:_read_bytes[line:203] - CRITICAL: 水声通信设备(端口'COM5' 状态True) 接收到一帧数据b'U\xaa6\x03123\x00\x00\x00\x00\x00\x00\x00\x00\x00\x00\x00\x00\x00\x00\x00\x00\x00\x00\x00\x00\x00\x00\x00\x00\x00\x00\x00\x00\x00\x00\x00\x00\x00\x00\x00\x00\x00\x00\x00\x00\x00\x00\x00\x00\x00\x00\x00\x00\r\n'
2023-04-30 20:27:05,036 - bsp_underwater_acoustic_comm.py:_read_bytes[line:203] - CRITICAL: 水声通信设备(端口'COM5' 状态True) 接收到一帧数据b'U\xaa6\x03123\x00\x00\x00\x00\x00\x00\x00\x00\x00\x00\x00\x00\x00\x00\x00\x00\x00\x00\x00\x00\x00\x00\x00\x00\x00\x00\x00\x00\x00\x00\x00\x00\x00\x00\x00\x00\x00\x00\x00\x00\x00\x00\x00\x00\x00\x00\x00\x00\r\n'
2023-04-30 20:27:05,871 - bsp_underwater_acoustic_comm.py:_read_bytes[line:203] - CRITICAL: 水声通信设备(端口'COM5' 状态True) 接收到一帧数据b'U\xaa6\x03123\x00\x00\x00\x00\x00\x00\x00\x00\x00\x00\x00\x00\x00\x00\x00\x00\x00\x00\x00\x00\x00\x00\x00\x00\x00\x00\x00\x00\x00\x00\x00\x00\x00\x00\x00\x00\x00\x00\x00\x00\x00\x00\x00\x00\x00\x00\x00\x00\r\n'
2023-04-30 20:27:05,872 - core_scheduling.py:deal_data_forwarding_processhandle[line:87] - ERROR: ERROR   : 线程池处理任务(文件2023_04_30 20_26_58，设备设备('水声通信机0')
2023-04-30 20:27:05,873 - core_scheduling.py:deal_data_forwarding_callback[line:113] - ERROR: 线程池处理任务task device rec 2023_04_30 20_26_58回调出现错误, 错误原因No active exception to reraise
