2023-04-30 21:06:44,060 - __init__.py:init_device[line:18] - CRITICAL: 初始化网关设备驱动 start...
2023-04-30 21:06:44,075 - device_manager.py:open[line:63] - INFO: SUCCESS : open device设备('水声通信机0')
2023-04-30 21:06:44,076 - core_scheduling.py:init_device_list_threadhandle[line:51] - INFO: 设备列表中存在1个设备, 设备0=设备('水声通信机0')
2023-04-30 21:06:44,083 - connection_workflow.py:start[line:179] - INFO: Pika version 1.3.1 connecting to ('::1', 5672, 0, 0)
2023-04-30 21:06:44,083 - io_services_utils.py:_on_writable[line:345] - INFO: Socket connected: <socket.socket fd=968, family=AddressFamily.AF_INET6, type=SocketKind.SOCK_STREAM, proto=6, laddr=('::1', 3170, 0, 0), raddr=('::1', 5672, 0, 0)>
2023-04-30 21:06:44,128 - connection_workflow.py:_on_transport_establishment_done[line:428] - INFO: Streaming transport linked up: (<pika.adapters.utils.io_services_utils._AsyncPlaintextTransport object at 0x0000023D384814F0>, _StreamingProtocolShim: <SelectConnection PROTOCOL transport=<pika.adapters.utils.io_services_utils._AsyncPlaintextTransport object at 0x0000023D384814F0> params=<ConnectionParameters host=localhost port=5672 virtual_host=/ ssl=False>>).
2023-04-30 21:06:44,133 - connection_workflow.py:_report_completion_and_cleanup[line:293] - INFO: AMQPConnector - reporting success: <SelectConnection OPEN transport=<pika.adapters.utils.io_services_utils._AsyncPlaintextTransport object at 0x0000023D384814F0> params=<ConnectionParameters host=localhost port=5672 virtual_host=/ ssl=False>>
2023-04-30 21:06:44,133 - connection_workflow.py:_report_completion_and_cleanup[line:725] - INFO: AMQPConnectionWorkflow - reporting success: <SelectConnection OPEN transport=<pika.adapters.utils.io_services_utils._AsyncPlaintextTransport object at 0x0000023D384814F0> params=<ConnectionParameters host=localhost port=5672 virtual_host=/ ssl=False>>
2023-04-30 21:06:44,133 - blocking_connection.py:_create_connection[line:453] - INFO: Connection workflow succeeded: <SelectConnection OPEN transport=<pika.adapters.utils.io_services_utils._AsyncPlaintextTransport object at 0x0000023D384814F0> params=<ConnectionParameters host=localhost port=5672 virtual_host=/ ssl=False>>
2023-04-30 21:06:44,133 - blocking_connection.py:__init__[line:1264] - INFO: Created channel=1
2023-04-30 21:06:44,135 - core_scheduling.py:monitor_web_task_threadhandle[line:176] - CRITICAL: SUCCESS : Create Pika server.
2023-04-30 21:06:55,900 - core_scheduling.py:deal_data_forwarding_processhandle[line:72] - CRITICAL: 线程池接收到task = 任务(文件storage/upload/test.txt 设备设备('水声通信机0') 方向mTaskFlowDirectionEnum.DIRECT_FILE_TO_DEVICE 优先级mTaskPriorityEnum.PRIOR_LOW)
2023-04-30 21:06:55,905 - bsp_underwater_acoustic_comm.py:_write_bytes[line:181] - CRITICAL: 水声通信设备(端口'COM5' 状态True)传输一帧数据b'U\xaa6\x01test.txt\x00\x00\x00\x00\x00\x00\x00\x00\x00\x00\x00\x00\x00\x00\x00\x00\x00\x00\x00\x00\x00\x00\x00\x00\x00\x00\x00\x00\x00\x00\x00\x00\x00\x00\x00\x00\x00\x00\x00\x00\x00\x00\x00\r\n'
2023-04-30 21:06:57,243 - bsp_underwater_acoustic_comm.py:_write_bytes[line:186] - WARNING: 水声通信设备(端口'COM5' 状态True) 发送数据时接收到0X66 0XBB确认回馈
2023-04-30 21:06:58,507 - bsp_underwater_acoustic_comm.py:_read_bytes[line:205] - CRITICAL: 水声通信设备(端口'COM5' 状态True) 接收到一帧数据b'U\xaa6\x04filename_received\x00\x00\x00\x00\x00\x00\x00\x00\x00\x00\x00\x00\x00\x00\x00\x00\x00\x00\x00\x00\x00\x00\x00\x00\x00\x00\x00\x00\x00\x00\x00\x00\x00\x00\r\n'
2023-04-30 21:06:58,511 - bsp_underwater_acoustic_comm.py:_write_bytes[line:181] - CRITICAL: 水声通信设备(端口'COM5' 状态True)传输一帧数据b'U\xaa6\x0238\x00\x00\x00\x00\x00\x00\x00\x00\x00\x00\x00\x00\x00\x00\x00\x00\x00\x00\x00\x00\x00\x00\x00\x00\x00\x00\x00\x00\x00\x00\x00\x00\x00\x00\x00\x00\x00\x00\x00\x00\x00\x00\x00\x00\x00\x00\x00\x00\x00\r\n'
2023-04-30 21:07:00,109 - bsp_underwater_acoustic_comm.py:_write_bytes[line:186] - WARNING: 水声通信设备(端口'COM5' 状态True) 发送数据时接收到0X66 0XBB确认回馈
2023-04-30 21:07:00,958 - bsp_underwater_acoustic_comm.py:_read_bytes[line:205] - CRITICAL: 水声通信设备(端口'COM5' 状态True) 接收到一帧数据b'U\xaa6\x04filesize_received\x00\x00\x00\x00\x00\x00\x00\x00\x00\x00\x00\x00\x00\x00\x00\x00\x00\x00\x00\x00\x00\x00\x00\x00\x00\x00\x00\x00\x00\x00\x00\x00\x00\x00\r\n'
2023-04-30 21:07:00,962 - bsp_underwater_acoustic_comm.py:_write_bytes[line:181] - CRITICAL: 水声通信设备(端口'COM5' 状态True)传输一帧数据b'U\xaa6\x0301234567890123456789012345678901234567\x00\x00\x00\x00\x00\x00\x00\x00\x00\x00\x00\x00\x00\r\n'
2023-04-30 21:07:02,402 - bsp_underwater_acoustic_comm.py:_write_bytes[line:186] - WARNING: 水声通信设备(端口'COM5' 状态True) 发送数据时接收到0X66 0XBB确认回馈
2023-04-30 21:07:30,467 - core_scheduling.py:deal_data_forwarding_processhandle[line:72] - CRITICAL: 线程池接收到task = 任务(文件storage/device/acoustic/2023_04_30 21_07_30 设备设备('水声通信机0') 方向mTaskFlowDirectionEnum.DIRECT_DEVICE_TO_FILE 优先级mTaskPriorityEnum.PRIOR_LOW)
2023-04-30 21:07:34,730 - bsp_underwater_acoustic_comm.py:_read_bytes[line:205] - CRITICAL: 水声通信设备(端口'COM5' 状态True) 接收到一帧数据b'f\xbbU\xaa6\x01fiieaaaaQreceived\x00\x00\x00\x00\x00\x00\x00\x00\x00\x00\x00\x00\x00\x00\x00\x00\x00\x00\x00\x00\x00\x00\x00\x00\x00\x00\x00\x00\x00\x00\x00\x00\x00\x00'
2023-04-30 21:07:34,730 - bsp_underwater_acoustic_comm.py:_read_bytes[line:210] - WARNING: WARNING : 水声通信设备(端口'COM5' 状态True) read frmae without header b'U\xaa6'
2023-04-30 21:07:34,731 - bsp_underwater_acoustic_comm.py:_read_bytes[line:216] - WARNING: WARNING : 水声通信设备(端口'COM5' 状态True) read frmae without end b'\r\n'
2023-04-30 21:07:34,731 - bsp_underwater_acoustic_comm.py:read[line:158] - ERROR: 水声通信设备(端口'COM5' 状态True)读取文件发生错误, 错误原因： 未接收到正确的CMD CMD_FILENAME
2023-04-30 21:07:34,732 - core_scheduling.py:deal_data_forwarding_processhandle[line:92] - ERROR: ERROR   : 线程池处理任务(文件2023_04_30 21_07_30，设备设备('水声通信机0')
2023-04-30 21:07:34,735 - core_scheduling.py:deal_data_forwarding_callback[line:119] - ERROR: 线程池处理任务task device rec 2023-04-30 21:07:30回调出现错误, 错误原因No active exception to reraise
2023-04-30 21:07:35,486 - core_scheduling.py:deal_data_forwarding_processhandle[line:72] - CRITICAL: 线程池接收到task = 任务(文件storage/device/acoustic/2023_04_30 21_07_35 设备设备('水声通信机0') 方向mTaskFlowDirectionEnum.DIRECT_DEVICE_TO_FILE 优先级mTaskPriorityEnum.PRIOR_LOW)
2023-04-30 21:07:40,448 - bsp_underwater_acoustic_comm.py:_read_bytes[line:205] - CRITICAL: 水声通信设备(端口'COM5' 状态True) 接收到一帧数据b'\r\nU\xaa6\x01fiieaaaaQreceived\x00\x00\x00\x00\x00\x00\x00\x00\x00\x00\x00\x00\x00\x00\x00\x00\x00\x00\x00\x00\x00\x00\x00\x00\x00\x00\x00\x00\x00\x00\x00\x00\x00\x00'
2023-04-30 21:07:40,448 - bsp_underwater_acoustic_comm.py:_read_bytes[line:210] - WARNING: WARNING : 水声通信设备(端口'COM5' 状态True) read frmae without header b'U\xaa6'
2023-04-30 21:07:40,449 - bsp_underwater_acoustic_comm.py:_read_bytes[line:216] - WARNING: WARNING : 水声通信设备(端口'COM5' 状态True) read frmae without end b'\r\n'
2023-04-30 21:07:40,449 - bsp_underwater_acoustic_comm.py:read[line:158] - ERROR: 水声通信设备(端口'COM5' 状态True)读取文件发生错误, 错误原因： 未接收到正确的CMD CMD_FILENAME
2023-04-30 21:07:40,449 - core_scheduling.py:deal_data_forwarding_processhandle[line:92] - ERROR: ERROR   : 线程池处理任务(文件2023_04_30 21_07_35，设备设备('水声通信机0')
2023-04-30 21:07:40,450 - core_scheduling.py:deal_data_forwarding_callback[line:119] - ERROR: 线程池处理任务task device rec 2023-04-30 21:07:35回调出现错误, 错误原因No active exception to reraise
2023-04-30 21:07:40,533 - core_scheduling.py:deal_data_forwarding_processhandle[line:72] - CRITICAL: 线程池接收到task = 任务(文件storage/device/acoustic/2023_04_30 21_07_40 设备设备('水声通信机0') 方向mTaskFlowDirectionEnum.DIRECT_DEVICE_TO_FILE 优先级mTaskPriorityEnum.PRIOR_LOW)
2023-04-30 21:07:46,171 - bsp_underwater_acoustic_comm.py:_read_bytes[line:205] - CRITICAL: 水声通信设备(端口'COM5' 状态True) 接收到一帧数据b'\r\nf\xbbU\xaa6\x02123\x00\x00\x00\x00\x00\x00\x00\x00\x00\x00\x00\x00\x00\x00\x00\x00\x00\x00\x00\x00\x00\x00\x00\x00\x00\x00\x00\x00\x00\x00\x00\x00\x00\x00\x00\x00\x00\x00\x00\x00\x00\x00\x00\x00\x00\x00'
2023-04-30 21:07:46,171 - bsp_underwater_acoustic_comm.py:_read_bytes[line:210] - WARNING: WARNING : 水声通信设备(端口'COM5' 状态True) read frmae without header b'U\xaa6'
2023-04-30 21:07:46,172 - bsp_underwater_acoustic_comm.py:_read_bytes[line:216] - WARNING: WARNING : 水声通信设备(端口'COM5' 状态True) read frmae without end b'\r\n'
2023-04-30 21:07:46,172 - bsp_underwater_acoustic_comm.py:read[line:158] - ERROR: 水声通信设备(端口'COM5' 状态True)读取文件发生错误, 错误原因： 未接收到正确的CMD CMD_FILENAME
2023-04-30 21:07:46,173 - core_scheduling.py:deal_data_forwarding_processhandle[line:92] - ERROR: ERROR   : 线程池处理任务(文件2023_04_30 21_07_40，设备设备('水声通信机0')
2023-04-30 21:07:46,174 - core_scheduling.py:deal_data_forwarding_callback[line:119] - ERROR: 线程池处理任务task device rec 2023-04-30 21:07:40回调出现错误, 错误原因No active exception to reraise
2023-04-30 21:07:46,585 - core_scheduling.py:deal_data_forwarding_processhandle[line:72] - CRITICAL: 线程池接收到task = 任务(文件storage/device/acoustic/2023_04_30 21_07_46 设备设备('水声通信机0') 方向mTaskFlowDirectionEnum.DIRECT_DEVICE_TO_FILE 优先级mTaskPriorityEnum.PRIOR_LOW)
2023-04-30 21:07:51,600 - bsp_underwater_acoustic_comm.py:_read_bytes[line:205] - CRITICAL: 水声通信设备(端口'COM5' 状态True) 接收到一帧数据b'\x00\x00\r\n'
2023-04-30 21:07:51,600 - bsp_underwater_acoustic_comm.py:_read_bytes[line:208] - WARNING: WARNING : 水声通信设备(端口'COM5' 状态True) read frame length is not 57
2023-04-30 21:07:51,600 - bsp_underwater_acoustic_comm.py:_read_bytes[line:210] - WARNING: WARNING : 水声通信设备(端口'COM5' 状态True) read frmae without header b'U\xaa6'
2023-04-30 21:07:51,600 - bsp_underwater_acoustic_comm.py:_read_bytes[line:216] - WARNING: WARNING : 水声通信设备(端口'COM5' 状态True) read frmae without end b'\r\n'
2023-04-30 21:07:51,600 - bsp_underwater_acoustic_comm.py:read[line:158] - ERROR: 水声通信设备(端口'COM5' 状态True)读取文件发生错误, 错误原因： 未接收到正确的CMD CMD_FILENAME
2023-04-30 21:07:51,600 - core_scheduling.py:deal_data_forwarding_processhandle[line:92] - ERROR: ERROR   : 线程池处理任务(文件2023_04_30 21_07_46，设备设备('水声通信机0')
2023-04-30 21:07:51,606 - core_scheduling.py:deal_data_forwarding_callback[line:119] - ERROR: 线程池处理任务task device rec 2023-04-30 21:07:46回调出现错误, 错误原因No active exception to reraise
2023-04-30 21:07:58,689 - core_scheduling.py:deal_data_forwarding_processhandle[line:72] - CRITICAL: 线程池接收到task = 任务(文件storage/device/acoustic/2023_04_30 21_07_58 设备设备('水声通信机0') 方向mTaskFlowDirectionEnum.DIRECT_DEVICE_TO_FILE 优先级mTaskPriorityEnum.PRIOR_LOW)
2023-04-30 21:07:58,689 - bsp_underwater_acoustic_comm.py:_read_bytes[line:205] - CRITICAL: 水声通信设备(端口'COM5' 状态True) 接收到一帧数据b'U\xaa6\x01fiieaaaaQreceived\x00\x00\x00\x00\x00\x00\x00\x00\x00\x00\x00\x00\x00\x00\x00\x00\x00\x00\x00\x00\x00\x00\x00\x00\x00\x00\x00\x00\x00\x00\x00\x00\x00\x00\r\n'
2023-04-30 21:07:58,698 - bsp_underwater_acoustic_comm.py:_write_bytes[line:181] - CRITICAL: 水声通信设备(端口'COM5' 状态True)传输一帧数据b'U\xaa6\x04filename_received\x00\x00\x00\x00\x00\x00\x00\x00\x00\x00\x00\x00\x00\x00\x00\x00\x00\x00\x00\x00\x00\x00\x00\x00\x00\x00\x00\x00\x00\x00\x00\x00\x00\x00\r\n'
2023-04-30 21:08:01,889 - bsp_underwater_acoustic_comm.py:_write_bytes[line:186] - WARNING: 水声通信设备(端口'COM5' 状态True) 发送数据时接收到0X66 0XBB确认回馈
2023-04-30 21:08:02,992 - bsp_underwater_acoustic_comm.py:_read_bytes[line:205] - CRITICAL: 水声通信设备(端口'COM5' 状态True) 接收到一帧数据b'U\xaa6\x02123\x00\x00\x00\x00\x00\x00\x00\x00\x00\x00\x00\x00\x00\x00\x00\x00\x00\x00\x00\x00\x00\x00\x00\x00\x00\x00\x00\x00\x00\x00\x00\x00\x00\x00\x00\x00\x00\x00\x00\x00\x00\x00\x00\x00\x00\x00\x00\x00\r\n'
2023-04-30 21:08:02,996 - bsp_underwater_acoustic_comm.py:_write_bytes[line:181] - CRITICAL: 水声通信设备(端口'COM5' 状态True)传输一帧数据b'U\xaa6\x04filesize_received\x00\x00\x00\x00\x00\x00\x00\x00\x00\x00\x00\x00\x00\x00\x00\x00\x00\x00\x00\x00\x00\x00\x00\x00\x00\x00\x00\x00\x00\x00\x00\x00\x00\x00\r\n'
2023-04-30 21:08:04,129 - bsp_underwater_acoustic_comm.py:_write_bytes[line:186] - WARNING: 水声通信设备(端口'COM5' 状态True) 发送数据时接收到0X66 0XBB确认回馈
2023-04-30 21:08:05,218 - bsp_underwater_acoustic_comm.py:_read_bytes[line:205] - CRITICAL: 水声通信设备(端口'COM5' 状态True) 接收到一帧数据b'U\xaa6\x03123\x00\x00\x00\x00\x00\x00\x00\x00\x00\x00\x00\x00\x00\x00\x00\x00\x00\x00\x00\x00\x00\x00\x00\x00\x00\x00\x00\x00\x00\x00\x00\x00\x00\x00\x00\x00\x00\x00\x00\x00\x00\x00\x00\x00\x00\x00\x00\x00\r\n'
2023-04-30 21:08:10,232 - bsp_underwater_acoustic_comm.py:_read_bytes[line:205] - CRITICAL: 水声通信设备(端口'COM5' 状态True) 接收到一帧数据b''
2023-04-30 21:08:10,232 - bsp_underwater_acoustic_comm.py:_read_bytes[line:208] - WARNING: WARNING : 水声通信设备(端口'COM5' 状态True) read frame length is not 57
2023-04-30 21:08:10,233 - bsp_underwater_acoustic_comm.py:_read_bytes[line:210] - WARNING: WARNING : 水声通信设备(端口'COM5' 状态True) read frmae without header b'U\xaa6'
2023-04-30 21:08:10,233 - bsp_underwater_acoustic_comm.py:_read_bytes[line:216] - WARNING: WARNING : 水声通信设备(端口'COM5' 状态True) read frmae without end b'\r\n'
2023-04-30 21:08:10,233 - bsp_underwater_acoustic_comm.py:read[line:158] - ERROR: 水声通信设备(端口'COM5' 状态True)读取文件发生错误, 错误原因： 未接收到正确的CMD CMD_FILEDATA
2023-04-30 21:08:10,233 - core_scheduling.py:deal_data_forwarding_processhandle[line:92] - ERROR: ERROR   : 线程池处理任务(文件2023_04_30 21_07_58，设备设备('水声通信机0')
2023-04-30 21:08:10,236 - core_scheduling.py:deal_data_forwarding_callback[line:119] - ERROR: 线程池处理任务task device rec 2023-04-30 21:07:58回调出现错误, 错误原因No active exception to reraise
2023-04-30 21:08:26,885 - core_scheduling.py:deal_data_forwarding_processhandle[line:72] - CRITICAL: 线程池接收到task = 任务(文件storage/device/acoustic/2023_04_30 21_08_26 设备设备('水声通信机0') 方向mTaskFlowDirectionEnum.DIRECT_DEVICE_TO_FILE 优先级mTaskPriorityEnum.PRIOR_LOW)
2023-04-30 21:08:26,885 - bsp_underwater_acoustic_comm.py:_read_bytes[line:205] - CRITICAL: 水声通信设备(端口'COM5' 状态True) 接收到一帧数据b'U\xaa6\x01fiieaaaaQreceived\x00\x00\x00\x00\x00\x00\x00\x00\x00\x00\x00\x00\x00\x00\x00\x00\x00\x00\x00\x00\x00\x00\x00\x00\x00\x00\x00\x00\x00\x00\x00\x00\x00\x00\r\n'
2023-04-30 21:08:26,891 - bsp_underwater_acoustic_comm.py:_write_bytes[line:181] - CRITICAL: 水声通信设备(端口'COM5' 状态True)传输一帧数据b'U\xaa6\x04filename_received\x00\x00\x00\x00\x00\x00\x00\x00\x00\x00\x00\x00\x00\x00\x00\x00\x00\x00\x00\x00\x00\x00\x00\x00\x00\x00\x00\x00\x00\x00\x00\x00\x00\x00\r\n'
2023-04-30 21:08:28,984 - bsp_underwater_acoustic_comm.py:_write_bytes[line:186] - WARNING: 水声通信设备(端口'COM5' 状态True) 发送数据时接收到0X66 0XBB确认回馈
2023-04-30 21:08:29,920 - bsp_underwater_acoustic_comm.py:_read_bytes[line:205] - CRITICAL: 水声通信设备(端口'COM5' 状态True) 接收到一帧数据b'U\xaa6\x02123\x00\x00\x00\x00\x00\x00\x00\x00\x00\x00\x00\x00\x00\x00\x00\x00\x00\x00\x00\x00\x00\x00\x00\x00\x00\x00\x00\x00\x00\x00\x00\x00\x00\x00\x00\x00\x00\x00\x00\x00\x00\x00\x00\x00\x00\x00\x00\x00\r\n'
2023-04-30 21:08:29,940 - bsp_underwater_acoustic_comm.py:_write_bytes[line:181] - CRITICAL: 水声通信设备(端口'COM5' 状态True)传输一帧数据b'U\xaa6\x04filesize_received\x00\x00\x00\x00\x00\x00\x00\x00\x00\x00\x00\x00\x00\x00\x00\x00\x00\x00\x00\x00\x00\x00\x00\x00\x00\x00\x00\x00\x00\x00\x00\x00\x00\x00\r\n'
2023-04-30 21:08:30,740 - bsp_underwater_acoustic_comm.py:_write_bytes[line:186] - WARNING: 水声通信设备(端口'COM5' 状态True) 发送数据时接收到0X66 0XBB确认回馈
2023-04-30 21:08:31,680 - bsp_underwater_acoustic_comm.py:_read_bytes[line:205] - CRITICAL: 水声通信设备(端口'COM5' 状态True) 接收到一帧数据b'U\xaa6\x03123\x00\x00\x00\x00\x00\x00\x00\x00\x00\x00\x00\x00\x00\x00\x00\x00\x00\x00\x00\x00\x00\x00\x00\x00\x00\x00\x00\x00\x00\x00\x00\x00\x00\x00\x00\x00\x00\x00\x00\x00\x00\x00\x00\x00\x00\x00\x00\x00\r\n'
2023-04-30 21:08:32,845 - bsp_underwater_acoustic_comm.py:_read_bytes[line:205] - CRITICAL: 水声通信设备(端口'COM5' 状态True) 接收到一帧数据b'U\xaa6\x03123\x00\x00\x00\x00\x00\x00\x00\x00\x00\x00\x00\x00\x00\x00\x00\x00\x00\x00\x00\x00\x00\x00\x00\x00\x00\x00\x00\x00\x00\x00\x00\x00\x00\x00\x00\x00\x00\x00\x00\x00\x00\x00\x00\x00\x00\x00\x00\x00\r\n'
2023-04-30 21:08:34,006 - bsp_underwater_acoustic_comm.py:_read_bytes[line:205] - CRITICAL: 水声通信设备(端口'COM5' 状态True) 接收到一帧数据b'U\xaa6\x03123\x00\x00\x00\x00\x00\x00\x00\x00\x00\x00\x00\x00\x00\x00\x00\x00\x00\x00\x00\x00\x00\x00\x00\x00\x00\x00\x00\x00\x00\x00\x00\x00\x00\x00\x00\x00\x00\x00\x00\x00\x00\x00\x00\x00\x00\x00\x00\x00\r\n'
2023-04-30 21:08:34,008 - _base.py:_invoke_callbacks[line:331] - ERROR: exception calling callback for <Future at 0x23d384810d0 state=finished returned NoneType>
Traceback (most recent call last):
  File "S:\anaconda3\lib\concurrent\futures\_base.py", line 329, in _invoke_callbacks
    callback(self)
  File "Y:\研究生\跨越网关\代码\Gateway_System\control\src\core_scheduling.py", line 99, in deal_data_forwarding_callback
    task_name = task.get('task_name')
AttributeError: 'NoneType' object has no attribute 'get'
2023-04-30 21:09:25,491 - core_scheduling.py:deal_data_forwarding_processhandle[line:72] - CRITICAL: 线程池接收到task = 任务(文件storage/upload/test.txt 设备设备('水声通信机0') 方向mTaskFlowDirectionEnum.DIRECT_FILE_TO_DEVICE 优先级mTaskPriorityEnum.PRIOR_LOW)
2023-04-30 21:09:25,495 - bsp_underwater_acoustic_comm.py:_write_bytes[line:181] - CRITICAL: 水声通信设备(端口'COM5' 状态True)传输一帧数据b'U\xaa6\x01test.txt\x00\x00\x00\x00\x00\x00\x00\x00\x00\x00\x00\x00\x00\x00\x00\x00\x00\x00\x00\x00\x00\x00\x00\x00\x00\x00\x00\x00\x00\x00\x00\x00\x00\x00\x00\x00\x00\x00\x00\x00\x00\x00\x00\r\n'
2023-04-30 21:09:26,832 - bsp_underwater_acoustic_comm.py:_write_bytes[line:186] - WARNING: 水声通信设备(端口'COM5' 状态True) 发送数据时接收到0X66 0XBB确认回馈
2023-04-30 21:09:27,528 - bsp_underwater_acoustic_comm.py:_read_bytes[line:205] - CRITICAL: 水声通信设备(端口'COM5' 状态True) 接收到一帧数据b'U\xaa6\x04filename_received\x00\x00\x00\x00\x00\x00\x00\x00\x00\x00\x00\x00\x00\x00\x00\x00\x00\x00\x00\x00\x00\x00\x00\x00\x00\x00\x00\x00\x00\x00\x00\x00\x00\x00\r\n'
2023-04-30 21:09:27,532 - bsp_underwater_acoustic_comm.py:_write_bytes[line:181] - CRITICAL: 水声通信设备(端口'COM5' 状态True)传输一帧数据b'U\xaa6\x0238\x00\x00\x00\x00\x00\x00\x00\x00\x00\x00\x00\x00\x00\x00\x00\x00\x00\x00\x00\x00\x00\x00\x00\x00\x00\x00\x00\x00\x00\x00\x00\x00\x00\x00\x00\x00\x00\x00\x00\x00\x00\x00\x00\x00\x00\x00\x00\x00\x00\r\n'
2023-04-30 21:09:28,647 - bsp_underwater_acoustic_comm.py:_write_bytes[line:186] - WARNING: 水声通信设备(端口'COM5' 状态True) 发送数据时接收到0X66 0XBB确认回馈
2023-04-30 21:09:29,532 - bsp_underwater_acoustic_comm.py:_read_bytes[line:205] - CRITICAL: 水声通信设备(端口'COM5' 状态True) 接收到一帧数据b'U\xaa6\x04filesize_received\x00\x00\x00\x00\x00\x00\x00\x00\x00\x00\x00\x00\x00\x00\x00\x00\x00\x00\x00\x00\x00\x00\x00\x00\x00\x00\x00\x00\x00\x00\x00\x00\x00\x00\r\n'
2023-04-30 21:09:29,536 - bsp_underwater_acoustic_comm.py:_write_bytes[line:181] - CRITICAL: 水声通信设备(端口'COM5' 状态True)传输一帧数据b'U\xaa6\x0301234567890123456789012345678901234567\x00\x00\x00\x00\x00\x00\x00\x00\x00\x00\x00\x00\x00\r\n'
2023-04-30 21:09:30,893 - bsp_underwater_acoustic_comm.py:_write_bytes[line:186] - WARNING: 水声通信设备(端口'COM5' 状态True) 发送数据时接收到0X66 0XBB确认回馈
