2023-04-30 21:32:42,065 - __init__.py:init_device[line:18] - CRITICAL: 初始化网关设备驱动 start...
2023-04-30 21:32:42,073 - device_manager.py:open[line:63] - INFO: SUCCESS : open device设备('水声通信机0')
2023-04-30 21:32:42,074 - core_scheduling.py:init_device_list_threadhandle[line:51] - INFO: 设备列表中存在1个设备, 设备0=设备('水声通信机0')
2023-04-30 21:32:42,079 - connection_workflow.py:start[line:179] - INFO: Pika version 1.3.1 connecting to ('::1', 5672, 0, 0)
2023-04-30 21:32:42,080 - io_services_utils.py:_on_writable[line:345] - INFO: Socket connected: <socket.socket fd=1004, family=AddressFamily.AF_INET6, type=SocketKind.SOCK_STREAM, proto=6, laddr=('::1', 4657, 0, 0), raddr=('::1', 5672, 0, 0)>
2023-04-30 21:32:42,125 - connection_workflow.py:_on_transport_establishment_done[line:428] - INFO: Streaming transport linked up: (<pika.adapters.utils.io_services_utils._AsyncPlaintextTransport object at 0x0000015446FF14F0>, _StreamingProtocolShim: <SelectConnection PROTOCOL transport=<pika.adapters.utils.io_services_utils._AsyncPlaintextTransport object at 0x0000015446FF14F0> params=<ConnectionParameters host=localhost port=5672 virtual_host=/ ssl=False>>).
2023-04-30 21:32:42,129 - connection_workflow.py:_report_completion_and_cleanup[line:293] - INFO: AMQPConnector - reporting success: <SelectConnection OPEN transport=<pika.adapters.utils.io_services_utils._AsyncPlaintextTransport object at 0x0000015446FF14F0> params=<ConnectionParameters host=localhost port=5672 virtual_host=/ ssl=False>>
2023-04-30 21:32:42,129 - connection_workflow.py:_report_completion_and_cleanup[line:725] - INFO: AMQPConnectionWorkflow - reporting success: <SelectConnection OPEN transport=<pika.adapters.utils.io_services_utils._AsyncPlaintextTransport object at 0x0000015446FF14F0> params=<ConnectionParameters host=localhost port=5672 virtual_host=/ ssl=False>>
2023-04-30 21:32:42,130 - blocking_connection.py:_create_connection[line:453] - INFO: Connection workflow succeeded: <SelectConnection OPEN transport=<pika.adapters.utils.io_services_utils._AsyncPlaintextTransport object at 0x0000015446FF14F0> params=<ConnectionParameters host=localhost port=5672 virtual_host=/ ssl=False>>
2023-04-30 21:32:42,130 - blocking_connection.py:__init__[line:1264] - INFO: Created channel=1
2023-04-30 21:32:42,132 - core_scheduling.py:monitor_web_task_threadhandle[line:176] - CRITICAL: SUCCESS : Create Pika server.
2023-04-30 21:32:49,086 - core_scheduling.py:deal_data_forwarding_processhandle[line:72] - CRITICAL: 线程池接收到task = 任务(文件storage/upload/test.txt 设备设备('水声通信机0') 方向mTaskFlowDirectionEnum.DIRECT_FILE_TO_DEVICE 优先级mTaskPriorityEnum.PRIOR_LOW)
2023-04-30 21:32:49,089 - bsp_underwater_acoustic_comm.py:_write_bytes[line:181] - CRITICAL: 水声通信设备(端口'COM5' 状态True)传输一帧数据b'U\xaa6\x01test.txt\x00\x00\x00\x00\x00\x00\x00\x00\x00\x00\x00\x00\x00\x00\x00\x00\x00\x00\x00\x00\x00\x00\x00\x00\x00\x00\x00\x00\x00\x00\x00\x00\x00\x00\x00\x00\x00\x00\x00\x00\x00\x00\x00\r\n'
2023-04-30 21:32:52,174 - bsp_underwater_acoustic_comm.py:_write_bytes[line:186] - WARNING: 水声通信设备(端口'COM5' 状态True) 发送数据时接收到0X66 0XBB确认回馈
2023-04-30 21:32:52,848 - bsp_underwater_acoustic_comm.py:_read_bytes[line:205] - CRITICAL: 水声通信设备(端口'COM5' 状态True) 接收到一帧数据b'U\xaa6\x04filename_received\x00\x00\x00\x00\x00\x00\x00\x00\x00\x00\x00\x00\x00\x00\x00\x00\x00\x00\x00\x00\x00\x00\x00\x00\x00\x00\x00\x00\x00\x00\x00\x00\x00\x00\r\n'
2023-04-30 21:32:52,852 - bsp_underwater_acoustic_comm.py:_write_bytes[line:181] - CRITICAL: 水声通信设备(端口'COM5' 状态True)传输一帧数据b'U\xaa6\x0238\x00\x00\x00\x00\x00\x00\x00\x00\x00\x00\x00\x00\x00\x00\x00\x00\x00\x00\x00\x00\x00\x00\x00\x00\x00\x00\x00\x00\x00\x00\x00\x00\x00\x00\x00\x00\x00\x00\x00\x00\x00\x00\x00\x00\x00\x00\x00\x00\x00\r\n'
2023-04-30 21:32:54,096 - bsp_underwater_acoustic_comm.py:_write_bytes[line:186] - WARNING: 水声通信设备(端口'COM5' 状态True) 发送数据时接收到0X66 0XBB确认回馈
2023-04-30 21:32:54,867 - bsp_underwater_acoustic_comm.py:_read_bytes[line:205] - CRITICAL: 水声通信设备(端口'COM5' 状态True) 接收到一帧数据b'U\xaa6\x04filesize_received\x00\x00\x00\x00\x00\x00\x00\x00\x00\x00\x00\x00\x00\x00\x00\x00\x00\x00\x00\x00\x00\x00\x00\x00\x00\x00\x00\x00\x00\x00\x00\x00\x00\x00\r\n'
2023-04-30 21:32:54,872 - bsp_underwater_acoustic_comm.py:_write_bytes[line:181] - CRITICAL: 水声通信设备(端口'COM5' 状态True)传输一帧数据b'U\xaa6\x0301234567890123456789012345678901234567\x00\x00\x00\x00\x00\x00\x00\x00\x00\x00\x00\x00\x00\r\n'
2023-04-30 21:32:56,038 - bsp_underwater_acoustic_comm.py:_write_bytes[line:186] - WARNING: 水声通信设备(端口'COM5' 状态True) 发送数据时接收到0X66 0XBB确认回馈
2023-04-30 21:32:56,045 - core_scheduling.py:deal_data_forwarding_callback[line:119] - ERROR: 线程池处理任务None回调出现错误, 错误原因No active exception to reraise
