2023-05-01 13:07:56,853 - __init__.py:init_device[line:18] - CRITICAL: 初始化网关设备驱动 start...
2023-05-01 13:07:56,861 - device_manager.py:open[line:64] - INFO: SUCCESS : open device设备('水声通信机0')
2023-05-01 13:07:56,861 - core_scheduling.py:init_device_list_threadhandle[line:51] - INFO: 设备列表中存在1个设备, 设备0=设备('水声通信机0')
2023-05-01 13:07:56,867 - connection_workflow.py:start[line:179] - INFO: Pika version 1.3.1 connecting to ('::1', 5672, 0, 0)
2023-05-01 13:07:56,868 - io_services_utils.py:_on_writable[line:345] - INFO: Socket connected: <socket.socket fd=492, family=AddressFamily.AF_INET6, type=SocketKind.SOCK_STREAM, proto=6, laddr=('::1', 2478, 0, 0), raddr=('::1', 5672, 0, 0)>
2023-05-01 13:07:56,898 - connection_workflow.py:_on_transport_establishment_done[line:428] - INFO: Streaming transport linked up: (<pika.adapters.utils.io_services_utils._AsyncPlaintextTransport object at 0x000002ED36E0F550>, _StreamingProtocolShim: <SelectConnection PROTOCOL transport=<pika.adapters.utils.io_services_utils._AsyncPlaintextTransport object at 0x000002ED36E0F550> params=<ConnectionParameters host=localhost port=5672 virtual_host=/ ssl=False>>).
2023-05-01 13:07:56,908 - connection_workflow.py:_report_completion_and_cleanup[line:293] - INFO: AMQPConnector - reporting success: <SelectConnection OPEN transport=<pika.adapters.utils.io_services_utils._AsyncPlaintextTransport object at 0x000002ED36E0F550> params=<ConnectionParameters host=localhost port=5672 virtual_host=/ ssl=False>>
2023-05-01 13:07:56,908 - connection_workflow.py:_report_completion_and_cleanup[line:725] - INFO: AMQPConnectionWorkflow - reporting success: <SelectConnection OPEN transport=<pika.adapters.utils.io_services_utils._AsyncPlaintextTransport object at 0x000002ED36E0F550> params=<ConnectionParameters host=localhost port=5672 virtual_host=/ ssl=False>>
2023-05-01 13:07:56,908 - blocking_connection.py:_create_connection[line:453] - INFO: Connection workflow succeeded: <SelectConnection OPEN transport=<pika.adapters.utils.io_services_utils._AsyncPlaintextTransport object at 0x000002ED36E0F550> params=<ConnectionParameters host=localhost port=5672 virtual_host=/ ssl=False>>
2023-05-01 13:07:56,908 - blocking_connection.py:__init__[line:1264] - INFO: Created channel=1
2023-05-01 13:07:56,910 - core_scheduling.py:monitor_web_task_threadhandle[line:220] - CRITICAL: SUCCESS : Create Pika server.
2023-05-01 13:08:06,961 - bsp_underwater_acoustic_comm.py:_write_bytes[line:190] - CRITICAL: 水声通信设备(端口'COM5' 状态True)传输一帧数据b'U\xaa6\x01test.txt\x00\x00\x00\x00\x00\x00\x00\x00\x00\x00\x00\x00\x00\x00\x00\x00\x00\x00\x00\x00\x00\x00\x00\x00\x00\x00\x00\x00\x00\x00\x00\x00\x00\x00\x00\x00\x00\x00\x00\x00\x00\x00\x00\r\n'
2023-05-01 13:08:11,005 - bsp_underwater_acoustic_comm.py:_write_bytes[line:195] - WARNING: 水声通信设备(端口'COM5' 状态True) 发送数据时接收到0X66 0XBB确认回馈
2023-05-01 13:08:12,012 - bsp_underwater_acoustic_comm.py:_read_bytes[line:214] - CRITICAL: 水声通信设备(端口'COM5' 状态True) 接收到一帧数据b'U\xaa6\x04filename_received\x00\x00\x00\x00\x00\x00\x00\x00\x00\x00\x00\x00\x00\x00\x00\x00\x00\x00\x00\x00\x00\x00\x00\x00\x00\x00\x00\x00\x00\x00\x00\x00\x00\x00\r\n'
2023-05-01 13:08:12,025 - bsp_underwater_acoustic_comm.py:_write_bytes[line:190] - CRITICAL: 水声通信设备(端口'COM5' 状态True)传输一帧数据b'U\xaa6\x0238\x00\x00\x00\x00\x00\x00\x00\x00\x00\x00\x00\x00\x00\x00\x00\x00\x00\x00\x00\x00\x00\x00\x00\x00\x00\x00\x00\x00\x00\x00\x00\x00\x00\x00\x00\x00\x00\x00\x00\x00\x00\x00\x00\x00\x00\x00\x00\x00\x00\r\n'
2023-05-01 13:08:13,451 - bsp_underwater_acoustic_comm.py:_write_bytes[line:195] - WARNING: 水声通信设备(端口'COM5' 状态True) 发送数据时接收到0X66 0XBB确认回馈
2023-05-01 13:08:14,318 - bsp_underwater_acoustic_comm.py:_read_bytes[line:214] - CRITICAL: 水声通信设备(端口'COM5' 状态True) 接收到一帧数据b'U\xaa6\x04filesize_received\x00\x00\x00\x00\x00\x00\x00\x00\x00\x00\x00\x00\x00\x00\x00\x00\x00\x00\x00\x00\x00\x00\x00\x00\x00\x00\x00\x00\x00\x00\x00\x00\x00\x00\r\n'
2023-05-01 13:08:14,321 - bsp_underwater_acoustic_comm.py:_write_bytes[line:190] - CRITICAL: 水声通信设备(端口'COM5' 状态True)传输一帧数据b'U\xaa6\x06test.txt-38\x00\x00\x00\x00\x00\x00\x00\x00\x00\x00\x00\x00\x00\x00\x00\x00\x00\x00\x00\x00\x00\x00\x00\x00\x00\x00\x00\x00\x00\x00\x00\x00\x00\x00\x00\x00\x00\x00\x00\x00\r\n'
2023-05-01 13:08:19,334 - bsp_underwater_acoustic_comm.py:_write_bytes[line:198] - WARNING: 水声通信设备(端口'COM5' 状态True) 发送数据时未接收到0X66 0XBB确认回馈
2023-05-01 13:08:19,338 - bsp_underwater_acoustic_comm.py:_write_bytes[line:190] - CRITICAL: 水声通信设备(端口'COM5' 状态True)传输一帧数据b'U\xaa6\x0301234567890123456789012345678901234567\x00\x00\x00\x00\x00\x00\x00\x00\x00\x00\x00\x00\x00\r\n'
2023-05-01 13:08:24,342 - bsp_underwater_acoustic_comm.py:_write_bytes[line:198] - WARNING: 水声通信设备(端口'COM5' 状态True) 发送数据时未接收到0X66 0XBB确认回馈
2023-05-01 13:08:24,355 - core_scheduling.py:deal_data_forwarding_callback[line:153] - CRITICAL: 线程池回调 ： 完成DIRECT_FILE_TO_DEVICE任务{task_id}
