2023-05-01 13:02:10,596 - __init__.py:init_device[line:18] - CRITICAL: 初始化网关设备驱动 start...
2023-05-01 13:02:10,603 - device_manager.py:open[line:64] - INFO: SUCCESS : open device设备('水声通信机0')
2023-05-01 13:02:10,603 - core_scheduling.py:init_device_list_threadhandle[line:51] - INFO: 设备列表中存在1个设备, 设备0=设备('水声通信机0')
2023-05-01 13:02:10,610 - connection_workflow.py:start[line:179] - INFO: Pika version 1.3.1 connecting to ('::1', 5672, 0, 0)
2023-05-01 13:02:10,610 - io_services_utils.py:_on_writable[line:345] - INFO: Socket connected: <socket.socket fd=808, family=AddressFamily.AF_INET6, type=SocketKind.SOCK_STREAM, proto=6, laddr=('::1', 2279, 0, 0), raddr=('::1', 5672, 0, 0)>
2023-05-01 13:02:10,611 - connection_workflow.py:_on_transport_establishment_done[line:428] - INFO: Streaming transport linked up: (<pika.adapters.utils.io_services_utils._AsyncPlaintextTransport object at 0x0000021029A5F4C0>, _StreamingProtocolShim: <SelectConnection PROTOCOL transport=<pika.adapters.utils.io_services_utils._AsyncPlaintextTransport object at 0x0000021029A5F4C0> params=<ConnectionParameters host=localhost port=5672 virtual_host=/ ssl=False>>).
2023-05-01 13:02:10,614 - connection_workflow.py:_report_completion_and_cleanup[line:293] - INFO: AMQPConnector - reporting success: <SelectConnection OPEN transport=<pika.adapters.utils.io_services_utils._AsyncPlaintextTransport object at 0x0000021029A5F4C0> params=<ConnectionParameters host=localhost port=5672 virtual_host=/ ssl=False>>
2023-05-01 13:02:10,614 - connection_workflow.py:_report_completion_and_cleanup[line:725] - INFO: AMQPConnectionWorkflow - reporting success: <SelectConnection OPEN transport=<pika.adapters.utils.io_services_utils._AsyncPlaintextTransport object at 0x0000021029A5F4C0> params=<ConnectionParameters host=localhost port=5672 virtual_host=/ ssl=False>>
2023-05-01 13:02:10,614 - blocking_connection.py:_create_connection[line:453] - INFO: Connection workflow succeeded: <SelectConnection OPEN transport=<pika.adapters.utils.io_services_utils._AsyncPlaintextTransport object at 0x0000021029A5F4C0> params=<ConnectionParameters host=localhost port=5672 virtual_host=/ ssl=False>>
2023-05-01 13:02:10,614 - blocking_connection.py:__init__[line:1264] - INFO: Created channel=1
2023-05-01 13:02:10,616 - core_scheduling.py:monitor_web_task_threadhandle[line:220] - CRITICAL: SUCCESS : Create Pika server.
2023-05-01 13:02:12,649 - bsp_underwater_acoustic_comm.py:_read_bytes[line:209] - CRITICAL: 水声通信设备(端口'COM5' 状态True) 接收到一帧数据b'U\xaa6\x01fiieaaaaQreceived\x00\x00\x00\x00\x00\x00\x00\x00\x00\x00\x00\x00\x00\x00\x00\x00\x00\x00\x00\x00\x00\x00\x00\x00\x00\x00\x00\x00\x00\x00\x00\x00\x00\x00\r\n'
2023-05-01 13:02:12,652 - bsp_underwater_acoustic_comm.py:_write_bytes[line:185] - CRITICAL: 水声通信设备(端口'COM5' 状态True)传输一帧数据b'U\xaa6\x04filename_received\x00\x00\x00\x00\x00\x00\x00\x00\x00\x00\x00\x00\x00\x00\x00\x00\x00\x00\x00\x00\x00\x00\x00\x00\x00\x00\x00\x00\x00\x00\x00\x00\x00\x00\r\n'
2023-05-01 13:02:13,684 - bsp_underwater_acoustic_comm.py:_write_bytes[line:190] - WARNING: 水声通信设备(端口'COM5' 状态True) 发送数据时接收到0X66 0XBB确认回馈
2023-05-01 13:02:14,449 - bsp_underwater_acoustic_comm.py:_read_bytes[line:209] - CRITICAL: 水声通信设备(端口'COM5' 状态True) 接收到一帧数据b'U\xaa6\x02123\x00\x00\x00\x00\x00\x00\x00\x00\x00\x00\x00\x00\x00\x00\x00\x00\x00\x00\x00\x00\x00\x00\x00\x00\x00\x00\x00\x00\x00\x00\x00\x00\x00\x00\x00\x00\x00\x00\x00\x00\x00\x00\x00\x00\x00\x00\x00\x00\r\n'
2023-05-01 13:02:14,453 - bsp_underwater_acoustic_comm.py:_write_bytes[line:185] - CRITICAL: 水声通信设备(端口'COM5' 状态True)传输一帧数据b'U\xaa6\x04filesize_received\x00\x00\x00\x00\x00\x00\x00\x00\x00\x00\x00\x00\x00\x00\x00\x00\x00\x00\x00\x00\x00\x00\x00\x00\x00\x00\x00\x00\x00\x00\x00\x00\x00\x00\r\n'
2023-05-01 13:02:15,313 - bsp_underwater_acoustic_comm.py:_write_bytes[line:190] - WARNING: 水声通信设备(端口'COM5' 状态True) 发送数据时接收到0X66 0XBB确认回馈
2023-05-01 13:02:16,254 - bsp_underwater_acoustic_comm.py:_read_bytes[line:209] - CRITICAL: 水声通信设备(端口'COM5' 状态True) 接收到一帧数据b'U\xaa6\x03123\x00\x00\x00\x00\x00\x00\x00\x00\x00\x00\x00\x00\x00\x00\x00\x00\x00\x00\x00\x00\x00\x00\x00\x00\x00\x00\x00\x00\x00\x00\x00\x00\x00\x00\x00\x00\x00\x00\x00\x00\x00\x00\x00\x00\x00\x00\x00\x00\r\n'
2023-05-01 13:02:17,208 - bsp_underwater_acoustic_comm.py:_read_bytes[line:209] - CRITICAL: 水声通信设备(端口'COM5' 状态True) 接收到一帧数据b'U\xaa6\x03123\x00\x00\x00\x00\x00\x00\x00\x00\x00\x00\x00\x00\x00\x00\x00\x00\x00\x00\x00\x00\x00\x00\x00\x00\x00\x00\x00\x00\x00\x00\x00\x00\x00\x00\x00\x00\x00\x00\x00\x00\x00\x00\x00\x00\x00\x00\x00\x00\r\n'
2023-05-01 13:02:18,099 - bsp_underwater_acoustic_comm.py:_read_bytes[line:209] - CRITICAL: 水声通信设备(端口'COM5' 状态True) 接收到一帧数据b'U\xaa6\x03123\x00\x00\x00\x00\x00\x00\x00\x00\x00\x00\x00\x00\x00\x00\x00\x00\x00\x00\x00\x00\x00\x00\x00\x00\x00\x00\x00\x00\x00\x00\x00\x00\x00\x00\x00\x00\x00\x00\x00\x00\x00\x00\x00\x00\x00\x00\x00\x00\r\n'
2023-05-01 13:02:18,104 - core_scheduling.py:deal_data_forwarding_callback[line:151] - CRITICAL: 线程池回调 ： 完成DIRECT_DEVICE_TO_FILE任务{task_id}
2023-05-01 13:02:33,915 - bsp_underwater_acoustic_comm.py:_read_bytes[line:209] - CRITICAL: 水声通信设备(端口'COM5' 状态True) 接收到一帧数据b'U\xaa6\x01fiieaaaaQreceived\x00\x00\x00\x00\x00\x00\x00\x00\x00\x00\x00\x00\x00\x00\x00\x00\x00\x00\x00\x00\x00\x00\x00\x00\x00\x00\x00\x00\x00\x00\x00\x00\x00\x00\r\n'
2023-05-01 13:02:33,920 - bsp_underwater_acoustic_comm.py:_write_bytes[line:185] - CRITICAL: 水声通信设备(端口'COM5' 状态True)传输一帧数据b'U\xaa6\x04filename_received\x00\x00\x00\x00\x00\x00\x00\x00\x00\x00\x00\x00\x00\x00\x00\x00\x00\x00\x00\x00\x00\x00\x00\x00\x00\x00\x00\x00\x00\x00\x00\x00\x00\x00\r\n'
2023-05-01 13:02:34,530 - bsp_underwater_acoustic_comm.py:_write_bytes[line:190] - WARNING: 水声通信设备(端口'COM5' 状态True) 发送数据时接收到0X66 0XBB确认回馈
2023-05-01 13:02:35,146 - bsp_underwater_acoustic_comm.py:_read_bytes[line:209] - CRITICAL: 水声通信设备(端口'COM5' 状态True) 接收到一帧数据b'U\xaa6\x02123\x00\x00\x00\x00\x00\x00\x00\x00\x00\x00\x00\x00\x00\x00\x00\x00\x00\x00\x00\x00\x00\x00\x00\x00\x00\x00\x00\x00\x00\x00\x00\x00\x00\x00\x00\x00\x00\x00\x00\x00\x00\x00\x00\x00\x00\x00\x00\x00\r\n'
2023-05-01 13:02:35,150 - bsp_underwater_acoustic_comm.py:_write_bytes[line:185] - CRITICAL: 水声通信设备(端口'COM5' 状态True)传输一帧数据b'U\xaa6\x04filesize_received\x00\x00\x00\x00\x00\x00\x00\x00\x00\x00\x00\x00\x00\x00\x00\x00\x00\x00\x00\x00\x00\x00\x00\x00\x00\x00\x00\x00\x00\x00\x00\x00\x00\x00\r\n'
2023-05-01 13:02:35,694 - bsp_underwater_acoustic_comm.py:_write_bytes[line:190] - WARNING: 水声通信设备(端口'COM5' 状态True) 发送数据时接收到0X66 0XBB确认回馈
2023-05-01 13:02:36,356 - bsp_underwater_acoustic_comm.py:_read_bytes[line:209] - CRITICAL: 水声通信设备(端口'COM5' 状态True) 接收到一帧数据b'U\xaa6\x03123\x00\x00\x00\x00\x00\x00\x00\x00\x00\x00\x00\x00\x00\x00\x00\x00\x00\x00\x00\x00\x00\x00\x00\x00\x00\x00\x00\x00\x00\x00\x00\x00\x00\x00\x00\x00\x00\x00\x00\x00\x00\x00\x00\x00\x00\x00\x00\x00\r\n'
2023-05-01 13:02:36,715 - bsp_underwater_acoustic_comm.py:_read_bytes[line:209] - CRITICAL: 水声通信设备(端口'COM5' 状态True) 接收到一帧数据b'U\xaa6\x03123\x00\x00\x00\x00\x00\x00\x00\x00\x00\x00\x00\x00\x00\x00\x00\x00\x00\x00\x00\x00\x00\x00\x00\x00\x00\x00\x00\x00\x00\x00\x00\x00\x00\x00\x00\x00\x00\x00\x00\x00\x00\x00\x00\x00\x00\x00\x00\x00\r\n'
2023-05-01 13:02:37,083 - bsp_underwater_acoustic_comm.py:_read_bytes[line:209] - CRITICAL: 水声通信设备(端口'COM5' 状态True) 接收到一帧数据b'U\xaa6\x03123\x00\x00\x00\x00\x00\x00\x00\x00\x00\x00\x00\x00\x00\x00\x00\x00\x00\x00\x00\x00\x00\x00\x00\x00\x00\x00\x00\x00\x00\x00\x00\x00\x00\x00\x00\x00\x00\x00\x00\x00\x00\x00\x00\x00\x00\x00\x00\x00\r\n'
2023-05-01 13:02:37,086 - core_scheduling.py:deal_data_forwarding_callback[line:151] - CRITICAL: 线程池回调 ： 完成DIRECT_DEVICE_TO_FILE任务{task_id}
