2023-04-30 21:14:41,559 - __init__.py:init_device[line:18] - CRITICAL: 初始化网关设备驱动 start...
2023-04-30 21:14:41,572 - device_manager.py:open[line:63] - INFO: SUCCESS : open device设备('水声通信机0')
2023-04-30 21:14:41,572 - core_scheduling.py:init_device_list_threadhandle[line:51] - INFO: 设备列表中存在1个设备, 设备0=设备('水声通信机0')
2023-04-30 21:14:41,589 - connection_workflow.py:start[line:179] - INFO: Pika version 1.3.1 connecting to ('::1', 5672, 0, 0)
2023-04-30 21:14:41,590 - io_services_utils.py:_on_writable[line:345] - INFO: Socket connected: <socket.socket fd=1004, family=AddressFamily.AF_INET6, type=SocketKind.SOCK_STREAM, proto=6, laddr=('::1', 3472, 0, 0), raddr=('::1', 5672, 0, 0)>
2023-04-30 21:14:41,592 - connection_workflow.py:_on_transport_establishment_done[line:428] - INFO: Streaming transport linked up: (<pika.adapters.utils.io_services_utils._AsyncPlaintextTransport object at 0x00000258C833F520>, _StreamingProtocolShim: <SelectConnection PROTOCOL transport=<pika.adapters.utils.io_services_utils._AsyncPlaintextTransport object at 0x00000258C833F520> params=<ConnectionParameters host=localhost port=5672 virtual_host=/ ssl=False>>).
2023-04-30 21:14:41,592 - connection_workflow.py:_report_completion_and_cleanup[line:293] - INFO: AMQPConnector - reporting success: <SelectConnection OPEN transport=<pika.adapters.utils.io_services_utils._AsyncPlaintextTransport object at 0x00000258C833F520> params=<ConnectionParameters host=localhost port=5672 virtual_host=/ ssl=False>>
2023-04-30 21:14:41,592 - connection_workflow.py:_report_completion_and_cleanup[line:725] - INFO: AMQPConnectionWorkflow - reporting success: <SelectConnection OPEN transport=<pika.adapters.utils.io_services_utils._AsyncPlaintextTransport object at 0x00000258C833F520> params=<ConnectionParameters host=localhost port=5672 virtual_host=/ ssl=False>>
2023-04-30 21:14:41,592 - blocking_connection.py:_create_connection[line:453] - INFO: Connection workflow succeeded: <SelectConnection OPEN transport=<pika.adapters.utils.io_services_utils._AsyncPlaintextTransport object at 0x00000258C833F520> params=<ConnectionParameters host=localhost port=5672 virtual_host=/ ssl=False>>
2023-04-30 21:14:41,601 - blocking_connection.py:__init__[line:1264] - INFO: Created channel=1
2023-04-30 21:14:41,605 - core_scheduling.py:monitor_web_task_threadhandle[line:176] - CRITICAL: SUCCESS : Create Pika server.
2023-04-30 21:18:59,716 - core_scheduling.py:deal_data_forwarding_processhandle[line:72] - CRITICAL: 线程池接收到task = 任务(文件storage/upload/test.txt 设备设备('水声通信机0') 方向mTaskFlowDirectionEnum.DIRECT_FILE_TO_DEVICE 优先级mTaskPriorityEnum.PRIOR_LOW)
2023-04-30 21:18:59,719 - bsp_underwater_acoustic_comm.py:_write_bytes[line:181] - CRITICAL: 水声通信设备(端口'COM5' 状态True)传输一帧数据b'U\xaa6\x01test.txt\x00\x00\x00\x00\x00\x00\x00\x00\x00\x00\x00\x00\x00\x00\x00\x00\x00\x00\x00\x00\x00\x00\x00\x00\x00\x00\x00\x00\x00\x00\x00\x00\x00\x00\x00\x00\x00\x00\x00\x00\x00\x00\x00\r\n'
2023-04-30 21:19:04,734 - bsp_underwater_acoustic_comm.py:_write_bytes[line:189] - WARNING: 水声通信设备(端口'COM5' 状态True) 发送数据时未接收到0X66 0XBB确认回馈
2023-04-30 21:19:09,749 - bsp_underwater_acoustic_comm.py:_read_bytes[line:205] - CRITICAL: 水声通信设备(端口'COM5' 状态True) 接收到一帧数据b''
2023-04-30 21:19:09,751 - bsp_underwater_acoustic_comm.py:_read_bytes[line:208] - WARNING: WARNING : 水声通信设备(端口'COM5' 状态True) read frame length is not 57
2023-04-30 21:19:09,753 - bsp_underwater_acoustic_comm.py:_read_bytes[line:210] - WARNING: WARNING : 水声通信设备(端口'COM5' 状态True) read frmae without header b'U\xaa6'
2023-04-30 21:19:09,754 - bsp_underwater_acoustic_comm.py:_read_bytes[line:216] - WARNING: WARNING : 水声通信设备(端口'COM5' 状态True) read frmae without end b'\r\n'
2023-04-30 21:19:09,755 - bsp_underwater_acoustic_comm.py:write[line:113] - ERROR: 水声通信设备(端口'COM5' 状态True)传输文件时发生错误, 错误原因： 未接收到正确的ACK FILENAME_RECEIVED
2023-04-30 21:19:41,874 - core_scheduling.py:deal_data_forwarding_processhandle[line:72] - CRITICAL: 线程池接收到task = 任务(文件storage/upload/test.txt 设备设备('水声通信机0') 方向mTaskFlowDirectionEnum.DIRECT_FILE_TO_DEVICE 优先级mTaskPriorityEnum.PRIOR_LOW)
2023-04-30 21:19:41,878 - bsp_underwater_acoustic_comm.py:_write_bytes[line:181] - CRITICAL: 水声通信设备(端口'COM5' 状态True)传输一帧数据b'U\xaa6\x01test.txt\x00\x00\x00\x00\x00\x00\x00\x00\x00\x00\x00\x00\x00\x00\x00\x00\x00\x00\x00\x00\x00\x00\x00\x00\x00\x00\x00\x00\x00\x00\x00\x00\x00\x00\x00\x00\x00\x00\x00\x00\x00\x00\x00\r\n'
2023-04-30 21:19:46,890 - bsp_underwater_acoustic_comm.py:_write_bytes[line:189] - WARNING: 水声通信设备(端口'COM5' 状态True) 发送数据时未接收到0X66 0XBB确认回馈
2023-04-30 21:19:51,906 - bsp_underwater_acoustic_comm.py:_read_bytes[line:205] - CRITICAL: 水声通信设备(端口'COM5' 状态True) 接收到一帧数据b''
2023-04-30 21:19:51,907 - bsp_underwater_acoustic_comm.py:_read_bytes[line:208] - WARNING: WARNING : 水声通信设备(端口'COM5' 状态True) read frame length is not 57
2023-04-30 21:19:51,907 - bsp_underwater_acoustic_comm.py:_read_bytes[line:210] - WARNING: WARNING : 水声通信设备(端口'COM5' 状态True) read frmae without header b'U\xaa6'
2023-04-30 21:19:51,908 - bsp_underwater_acoustic_comm.py:_read_bytes[line:216] - WARNING: WARNING : 水声通信设备(端口'COM5' 状态True) read frmae without end b'\r\n'
2023-04-30 21:19:51,908 - bsp_underwater_acoustic_comm.py:write[line:113] - ERROR: 水声通信设备(端口'COM5' 状态True)传输文件时发生错误, 错误原因： 未接收到正确的ACK FILENAME_RECEIVED
