2023-07-11 19:17:01,127 - __init__.py:create_app[line:40] - CRITICAL: 数据库地址sqlite:///Y:/Studyplace_Web_Development/Gateway_System/db/gateway.db
2023-07-11 19:17:20,621 - views.py:index[line:31] - CRITICAL: 接收到用户root浏览器登录访问
2023-07-11 19:17:20,929 - views.py:check_login_status[line:32] - CRITICAL: 检测用户登录状态root成功
2023-07-11 19:17:22,294 - views.py:get_devices_info[line:96] - CRITICAL: 查询数据库中设备信息成功
2023-07-11 19:17:34,088 - views.py:get_uploadfiles_info[line:180] - CRITICAL: 获取数据库中上传文件信息成功
2023-07-11 19:17:53,544 - views.py:check_login_status[line:32] - CRITICAL: 检测用户登录状态root成功
2023-07-11 19:17:53,858 - views.py:get_devices_info[line:96] - CRITICAL: 查询数据库中设备信息成功
2023-07-11 19:17:57,321 - views.py:get_uploadfiles_info[line:180] - CRITICAL: 获取数据库中上传文件信息成功
2023-07-11 19:18:00,942 - views.py:get_tasks_info_by_deviceid[line:264] - CRITICAL: 查询数据库中任务信息成功
2023-07-11 19:18:04,801 - views.py:get_devices_info[line:96] - CRITICAL: 查询数据库中设备信息成功
2023-07-11 19:18:08,599 - views.py:check_login_status[line:32] - CRITICAL: 检测用户登录状态root成功
2023-07-11 19:18:08,793 - views.py:get_devices_info[line:96] - CRITICAL: 查询数据库中设备信息成功
2023-07-11 19:20:18,350 - views.py:index[line:31] - CRITICAL: 接收到用户root浏览器登录访问
2023-07-11 19:20:18,361 - views.py:check_login_status[line:32] - CRITICAL: 检测用户登录状态root成功
2023-07-11 19:20:18,608 - views.py:get_devices_info[line:96] - CRITICAL: 查询数据库中设备信息成功
2023-07-11 19:23:47,943 - views.py:get_devices_info[line:96] - CRITICAL: 查询数据库中设备信息成功
2023-07-11 19:23:49,515 - views.py:get_uploadfiles_info[line:180] - CRITICAL: 获取数据库中上传文件信息成功
2023-07-11 19:26:08,391 - views.py:check_login_status[line:32] - CRITICAL: 检测用户登录状态root成功
2023-07-11 19:26:08,596 - views.py:get_devices_info[line:96] - CRITICAL: 查询数据库中设备信息成功
2023-07-11 19:26:25,319 - views.py:get_uploadfiles_info[line:180] - CRITICAL: 获取数据库中上传文件信息成功
2023-07-11 19:26:31,212 - views.py:get_uploadfiles_info[line:180] - CRITICAL: 获取数据库中上传文件信息成功
2023-07-11 19:26:49,130 - views.py:get_tasks_info_by_deviceid[line:264] - CRITICAL: 查询数据库中任务信息成功
2023-07-11 19:27:16,028 - views.py:get_tasks_info_by_deviceid[line:264] - CRITICAL: 查询数据库中任务信息成功
2023-07-11 19:27:18,806 - views.py:get_tasks_info_by_deviceid[line:264] - CRITICAL: 查询数据库中任务信息成功
2023-07-11 19:27:21,660 - views.py:get_tasks_info_by_deviceid[line:264] - CRITICAL: 查询数据库中任务信息成功
2023-07-11 19:27:23,317 - views.py:get_tasks_info_by_deviceid[line:264] - CRITICAL: 查询数据库中任务信息成功
2023-07-11 19:27:28,904 - views.py:get_tasks_info_by_deviceid[line:264] - CRITICAL: 查询数据库中任务信息成功
2023-07-11 19:27:36,606 - views.py:get_tasks_info_by_deviceid[line:264] - CRITICAL: 查询数据库中任务信息成功
2023-07-11 19:27:42,287 - views.py:get_tasks_info_by_deviceid[line:264] - CRITICAL: 查询数据库中任务信息成功
2023-07-11 19:27:55,656 - views.py:get_uploadfiles_info[line:180] - CRITICAL: 获取数据库中上传文件信息成功
2023-07-11 19:27:59,022 - views.py:get_tasks_info_by_deviceid[line:264] - CRITICAL: 查询数据库中任务信息成功
2023-07-11 19:28:10,672 - views.py:get_tasks_info_by_deviceid[line:264] - CRITICAL: 查询数据库中任务信息成功
2023-07-11 19:28:30,778 - views.py:get_tasks_info_by_deviceid[line:264] - CRITICAL: 查询数据库中任务信息成功
2023-07-11 19:28:32,918 - views.py:get_tasks_info_by_deviceid[line:264] - CRITICAL: 查询数据库中任务信息成功
2023-07-11 19:28:35,109 - views.py:get_tasks_info_by_deviceid[line:264] - CRITICAL: 查询数据库中任务信息成功
2023-07-11 19:29:47,768 - views.py:get_tasks_info_by_deviceid[line:264] - CRITICAL: 查询数据库中任务信息成功
2023-07-11 19:30:15,007 - views.py:get_devices_info[line:96] - CRITICAL: 查询数据库中设备信息成功
2023-07-11 19:30:17,212 - views.py:get_devices_info[line:96] - CRITICAL: 查询数据库中设备信息成功
2023-07-11 19:31:28,953 - views.py:get_devices_info[line:96] - CRITICAL: 查询数据库中设备信息成功
2023-07-11 19:34:29,569 - views.py:get_tasks_info_by_deviceid[line:264] - CRITICAL: 查询数据库中任务信息成功
2023-07-11 19:34:47,014 - views.py:get_tasks_info_by_deviceid[line:264] - CRITICAL: 查询数据库中任务信息成功
2023-07-11 19:37:30,577 - views.py:get_tasks_info_by_deviceid[line:264] - CRITICAL: 查询数据库中任务信息成功
